#
# There is insufficient memory for the Java Runtime Environment to continue.
# Native memory allocation (malloc) failed to allocate 1583664 bytes. Error detail: Chunk::new
# Possible reasons:
#   The system is out of physical RAM or swap space
#   This process is running with CompressedOops enabled, and the Java Heap may be blocking the growth of the native heap
# Possible solutions:
#   Reduce memory load on the system
#   Increase physical memory or swap space
#   Check if swap backing store is full
#   Decrease Java heap size (-Xmx/-Xms)
#   Decrease number of Java threads
#   Decrease Java thread stack sizes (-Xss)
#   Set larger code cache with -XX:ReservedCodeCacheSize=
#   JVM is running with Unscaled Compressed Oops mode in which the Java heap is
#     placed in the first 4GB address space. The Java Heap base address is the
#     maximum limit for the native heap growth. Please use -XX:HeapBaseMinAddress
#     to set the Java Heap base and to place the Java Heap above 4GB virtual address.
# This output file may be truncated or incomplete.
#
#  Out of Memory Error (arena.cpp:149), pid=17212, tid=26428
#
# JRE version: Java(TM) SE Runtime Environment (23.0+37) (build 23+37-2369)
# Java VM: Java HotSpot(TM) 64-Bit Server VM (23+37-2369, mixed mode, sharing, tiered, compressed oops, compressed class ptrs, g1 gc, windows-amd64)
# No core dump will be written. Minidumps are not enabled by default on client versions of Windows
#

---------------  S U M M A R Y ------------

Command Line: -Dclassworlds.conf=C:\Program Files\NetBeans-23\netbeans\java\maven\bin\m2.conf -Dmaven.home=C:\Program Files\NetBeans-23\netbeans\java\maven -Dlibrary.jansi.path=C:\Program Files\NetBeans-23\netbeans\java\maven\lib\jansi-native -Dmaven.multiModuleProjectDirectory=C:\neatbeans\fdavila-tiendat org.codehaus.plexus.classworlds.launcher.Launcher -Dmaven.ext.class.path=C:\Program Files\NetBeans-23\netbeans\java\maven-nblib\netbeans-eventspy.jar --no-transfer-progress clean install

Host: AMD Ryzen 5 7520U with Radeon Graphics         , 8 cores, 5G,  Windows 11 , 64 bit Build 26100 (10.0.26100.5074)
Time: Wed Oct 15 20:52:55 2025 Hora estándar, América Central elapsed time: 8.881881 seconds (0d 0h 0m 8s)

---------------  T H R E A D  ---------------

Current thread (0x000001de18426df0):  JavaThread "C2 CompilerThread2" daemon [_thread_in_native, id=26428, stack(0x0000006f75800000,0x0000006f75900000) (1024K)]


Current CompileTask:
C2:8882 4921       4       org.apache.maven.model.inheritance.DefaultInheritanceAssembler$InheritanceModelMerger::mergePluginContainer_Plugins (433 bytes)

Stack: [0x0000006f75800000,0x0000006f75900000]
Native frames: (J=compiled Java code, j=interpreted, Vv=VM code, C=native code)
V  [jvm.dll+0x6e08a9]  (no source info available)
V  [jvm.dll+0x87da63]  (no source info available)
V  [jvm.dll+0x87feee]  (no source info available)
V  [jvm.dll+0x8805c3]  (no source info available)
V  [jvm.dll+0x27aee6]  (no source info available)
V  [jvm.dll+0xbc06f]  (no source info available)
V  [jvm.dll+0xbc2cb]  (no source info available)
V  [jvm.dll+0x3b3a9c]  (no source info available)
V  [jvm.dll+0x38a42b]  (no source info available)
V  [jvm.dll+0x38989a]  (no source info available)
V  [jvm.dll+0x244aa1]  (no source info available)
V  [jvm.dll+0x243dff]  (no source info available)
V  [jvm.dll+0x1c33a0]  (no source info available)
V  [jvm.dll+0x253cf1]  (no source info available)
V  [jvm.dll+0x251faa]  (no source info available)
V  [jvm.dll+0x3ee036]  (no source info available)
V  [jvm.dll+0x824f1b]  (no source info available)
V  [jvm.dll+0x6df055]  (no source info available)
C  [ucrtbase.dll+0x37b0]  (no source info available)
C  [KERNEL32.DLL+0x2e8d7]  (no source info available)
C  [ntdll.dll+0x8d9c]  (no source info available)

Lock stack of current Java thread (top to bottom):


---------------  P R O C E S S  ---------------

Threads class SMR info:
_java_thread_list=0x000001de1807a1b0, length=13, elements={
0x000001ddb2dd3530, 0x000001ddd13423a0, 0x000001ddd13450b0, 0x000001ddd134c490,
0x000001ddd134cef0, 0x000001ddd134d950, 0x000001ddd135a510, 0x000001ddd1390a40,
0x000001ddd1391840, 0x000001ddd14d4a30, 0x000001ddd14dd8e0, 0x000001de180ac450,
0x000001de18426df0
}

Java Threads: ( => current thread )
  0x000001ddb2dd3530 JavaThread "main"                              [_thread_in_Java, id=3896, stack(0x0000006f73e00000,0x0000006f73f00000) (1024K)]
  0x000001ddd13423a0 JavaThread "Reference Handler"          daemon [_thread_blocked, id=25056, stack(0x0000006f74600000,0x0000006f74700000) (1024K)]
  0x000001ddd13450b0 JavaThread "Finalizer"                  daemon [_thread_blocked, id=18248, stack(0x0000006f74700000,0x0000006f74800000) (1024K)]
  0x000001ddd134c490 JavaThread "Signal Dispatcher"          daemon [_thread_blocked, id=26956, stack(0x0000006f74800000,0x0000006f74900000) (1024K)]
  0x000001ddd134cef0 JavaThread "Attach Listener"            daemon [_thread_blocked, id=1652, stack(0x0000006f74900000,0x0000006f74a00000) (1024K)]
  0x000001ddd134d950 JavaThread "Service Thread"             daemon [_thread_blocked, id=18532, stack(0x0000006f74a00000,0x0000006f74b00000) (1024K)]
  0x000001ddd135a510 JavaThread "Monitor Deflation Thread"   daemon [_thread_blocked, id=8208, stack(0x0000006f74b00000,0x0000006f74c00000) (1024K)]
  0x000001ddd1390a40 JavaThread "C2 CompilerThread0"         daemon [_thread_in_native, id=16852, stack(0x0000006f74c00000,0x0000006f74d00000) (1024K)]
  0x000001ddd1391840 JavaThread "C1 CompilerThread0"         daemon [_thread_blocked, id=26272, stack(0x0000006f74d00000,0x0000006f74e00000) (1024K)]
  0x000001ddd14d4a30 JavaThread "Notification Thread"        daemon [_thread_blocked, id=10160, stack(0x0000006f74e00000,0x0000006f74f00000) (1024K)]
  0x000001ddd14dd8e0 JavaThread "Common-Cleaner"             daemon [_thread_blocked, id=8624, stack(0x0000006f74f00000,0x0000006f75000000) (1024K)]
  0x000001de180ac450 JavaThread "C2 CompilerThread1"         daemon [_thread_in_native, id=23172, stack(0x0000006f75000000,0x0000006f75100000) (1024K)]
=>0x000001de18426df0 JavaThread "C2 CompilerThread2"         daemon [_thread_in_native, id=26428, stack(0x0000006f75800000,0x0000006f75900000) (1024K)]
Total: 13

Other Threads:
  0x000001ddd132dd40 VMThread "VM Thread"                           [id=28204, stack(0x0000006f74500000,0x0000006f74600000) (1024K)]
  0x000001ddd1319970 WatcherThread "VM Periodic Task Thread"        [id=3744, stack(0x0000006f74400000,0x0000006f74500000) (1024K)]
  0x000001ddb51d2740 WorkerThread "GC Thread#0"                     [id=11060, stack(0x0000006f73f00000,0x0000006f74000000) (1024K)]
  0x000001de17d5d010 WorkerThread "GC Thread#1"                     [id=10456, stack(0x0000006f75100000,0x0000006f75200000) (1024K)]
  0x000001de1791eb40 WorkerThread "GC Thread#2"                     [id=28748, stack(0x0000006f75200000,0x0000006f75300000) (1024K)]
  0x000001de1791eef0 WorkerThread "GC Thread#3"                     [id=13128, stack(0x0000006f75300000,0x0000006f75400000) (1024K)]
  0x000001de1797b750 WorkerThread "GC Thread#4"                     [id=15004, stack(0x0000006f75400000,0x0000006f75500000) (1024K)]
  0x000001de1797bb00 WorkerThread "GC Thread#5"                     [id=11172, stack(0x0000006f75500000,0x0000006f75600000) (1024K)]
  0x000001de1797beb0 WorkerThread "GC Thread#6"                     [id=6164, stack(0x0000006f75600000,0x0000006f75700000) (1024K)]
  0x000001de1797c260 WorkerThread "GC Thread#7"                     [id=29032, stack(0x0000006f75700000,0x0000006f75800000) (1024K)]
  0x000001ddb51fd190 ConcurrentGCThread "G1 Main Marker"            [id=27352, stack(0x0000006f74000000,0x0000006f74100000) (1024K)]
  0x000001ddb51fdbb0 WorkerThread "G1 Conc#0"                       [id=12664, stack(0x0000006f74100000,0x0000006f74200000) (1024K)]
  0x000001ddb524e7b0 ConcurrentGCThread "G1 Refine#0"               [id=28736, stack(0x0000006f74200000,0x0000006f74300000) (1024K)]
  0x000001ddd11ef540 ConcurrentGCThread "G1 Service"                [id=24968, stack(0x0000006f74300000,0x0000006f74400000) (1024K)]
Total: 14

Threads with active compile tasks:
C2 CompilerThread0  9012 5072       4       org.codehaus.plexus.util.xml.Xpp3DomBuilder::build (413 bytes)
C2 CompilerThread1  9012 5074 %     4       sun.nio.fs.WindowsPathParser::normalize @ 18 (233 bytes)
C2 CompilerThread2  9013 4921       4       org.apache.maven.model.inheritance.DefaultInheritanceAssembler$InheritanceModelMerger::mergePluginContainer_Plugins (433 bytes)
Total: 3

VM state: not at safepoint (normal execution)

VM Mutex/Monitor currently owned by a thread: None

Heap address: 0x00000000a2c00000, size: 1492 MB, Compressed Oops mode: 32-bit

CDS archive(s) mapped at: [0x000001ddd2000000-0x000001ddd2d70000-0x000001ddd2d70000), size 14090240, SharedBaseAddress: 0x000001ddd2000000, ArchiveRelocationMode: 1.
Compressed class space mapped at: 0x000001ddd3000000-0x000001de13000000, reserved size: 1073741824
Narrow klass base: 0x000001ddd2000000, Narrow klass shift: 0, Narrow klass range: 0x41000000

GC Precious Log:
 CardTable entry size: 512
 Card Set container configuration: InlinePtr #cards 5 size 8 Array Of Cards #cards 10 size 36 Howl #buckets 4 coarsen threshold 1843 Howl Bitmap #cards 512 size 80 coarsen threshold 460 Card regions per heap region 1 cards per card region 2048
 CPUs: 8 total, 8 available
 Memory: 5965M
 Large Page Support: Disabled
 NUMA Support: Disabled
 Compressed Oops: Enabled (32-bit)
 Heap Region Size: 1M
 Heap Min Capacity: 8M
 Heap Initial Capacity: 94M
 Heap Max Capacity: 1492M
 Pre-touch: Disabled
 Parallel Workers: 8
 Concurrent Workers: 2
 Concurrent Refinement Workers: 8
 Periodic GC: Disabled

Heap:
 garbage-first heap   total reserved 1527808K, committed 96256K, used 45999K [0x00000000a2c00000, 0x0000000100000000)
  region size 1024K, 33 young (33792K), 3 survivors (3072K)
 Metaspace       used 16816K, committed 17088K, reserved 1114112K
  class space    used 1955K, committed 2048K, reserved 1048576K

Heap Regions: E=young(eden), S=young(survivor), O=old, HS=humongous(starts), HC=humongous(continues), CS=collection set, F=free, TAMS=top-at-mark-start, PB=parsable bottom
|   0|0x00000000a2c00000, 0x00000000a2d00000, 0x00000000a2d00000|100%| O|  |TAMS 0x00000000a2c00000| PB 0x00000000a2c00000| Untracked |  0
|   1|0x00000000a2d00000, 0x00000000a2e00000, 0x00000000a2e00000|100%| O|  |TAMS 0x00000000a2d00000| PB 0x00000000a2d00000| Untracked |  0
|   2|0x00000000a2e00000, 0x00000000a2f00000, 0x00000000a2f00000|100%| O|  |TAMS 0x00000000a2e00000| PB 0x00000000a2e00000| Untracked |  0
|   3|0x00000000a2f00000, 0x00000000a3000000, 0x00000000a3000000|100%| O|  |TAMS 0x00000000a2f00000| PB 0x00000000a2f00000| Untracked |  0
|   4|0x00000000a3000000, 0x00000000a3100000, 0x00000000a3100000|100%| O|  |TAMS 0x00000000a3000000| PB 0x00000000a3000000| Untracked |  0
|   5|0x00000000a3100000, 0x00000000a3200000, 0x00000000a3200000|100%| O|  |TAMS 0x00000000a3100000| PB 0x00000000a3100000| Untracked |  0
|   6|0x00000000a3200000, 0x00000000a3300000, 0x00000000a3300000|100%| O|  |TAMS 0x00000000a3200000| PB 0x00000000a3200000| Untracked |  0
|   7|0x00000000a3300000, 0x00000000a3400000, 0x00000000a3400000|100%| O|  |TAMS 0x00000000a3300000| PB 0x00000000a3300000| Untracked |  0
|   8|0x00000000a3400000, 0x00000000a3500000, 0x00000000a3500000|100%| O|  |TAMS 0x00000000a3400000| PB 0x00000000a3400000| Untracked |  0
|   9|0x00000000a3500000, 0x00000000a3600000, 0x00000000a3600000|100%| O|  |TAMS 0x00000000a3500000| PB 0x00000000a3500000| Untracked |  0
|  10|0x00000000a3600000, 0x00000000a3700000, 0x00000000a3700000|100%| O|  |TAMS 0x00000000a3600000| PB 0x00000000a3600000| Untracked |  0
|  11|0x00000000a3700000, 0x00000000a3800000, 0x00000000a3800000|100%| O|  |TAMS 0x00000000a3700000| PB 0x00000000a3700000| Untracked |  0
|  12|0x00000000a3800000, 0x00000000a3900000, 0x00000000a3900000|100%| O|  |TAMS 0x00000000a3800000| PB 0x00000000a3800000| Untracked |  0
|  13|0x00000000a3900000, 0x00000000a396c718, 0x00000000a3a00000| 42%| O|  |TAMS 0x00000000a3900000| PB 0x00000000a3900000| Untracked |  0
|  14|0x00000000a3a00000, 0x00000000a3a00000, 0x00000000a3b00000|  0%| F|  |TAMS 0x00000000a3a00000| PB 0x00000000a3a00000| Untracked |  0
|  15|0x00000000a3b00000, 0x00000000a3b00000, 0x00000000a3c00000|  0%| F|  |TAMS 0x00000000a3b00000| PB 0x00000000a3b00000| Untracked |  0
|  16|0x00000000a3c00000, 0x00000000a3c00000, 0x00000000a3d00000|  0%| F|  |TAMS 0x00000000a3c00000| PB 0x00000000a3c00000| Untracked |  0
|  17|0x00000000a3d00000, 0x00000000a3d00000, 0x00000000a3e00000|  0%| F|  |TAMS 0x00000000a3d00000| PB 0x00000000a3d00000| Untracked |  0
|  18|0x00000000a3e00000, 0x00000000a3e00000, 0x00000000a3f00000|  0%| F|  |TAMS 0x00000000a3e00000| PB 0x00000000a3e00000| Untracked |  0
|  19|0x00000000a3f00000, 0x00000000a3f00000, 0x00000000a4000000|  0%| F|  |TAMS 0x00000000a3f00000| PB 0x00000000a3f00000| Untracked |  0
|  20|0x00000000a4000000, 0x00000000a4000000, 0x00000000a4100000|  0%| F|  |TAMS 0x00000000a4000000| PB 0x00000000a4000000| Untracked |  0
|  21|0x00000000a4100000, 0x00000000a4100000, 0x00000000a4200000|  0%| F|  |TAMS 0x00000000a4100000| PB 0x00000000a4100000| Untracked |  0
|  22|0x00000000a4200000, 0x00000000a4200000, 0x00000000a4300000|  0%| F|  |TAMS 0x00000000a4200000| PB 0x00000000a4200000| Untracked |  0
|  23|0x00000000a4300000, 0x00000000a4300000, 0x00000000a4400000|  0%| F|  |TAMS 0x00000000a4300000| PB 0x00000000a4300000| Untracked |  0
|  24|0x00000000a4400000, 0x00000000a4400000, 0x00000000a4500000|  0%| F|  |TAMS 0x00000000a4400000| PB 0x00000000a4400000| Untracked |  0
|  25|0x00000000a4500000, 0x00000000a4500000, 0x00000000a4600000|  0%| F|  |TAMS 0x00000000a4500000| PB 0x00000000a4500000| Untracked |  0
|  26|0x00000000a4600000, 0x00000000a4600000, 0x00000000a4700000|  0%| F|  |TAMS 0x00000000a4600000| PB 0x00000000a4600000| Untracked |  0
|  27|0x00000000a4700000, 0x00000000a4700000, 0x00000000a4800000|  0%| F|  |TAMS 0x00000000a4700000| PB 0x00000000a4700000| Untracked |  0
|  28|0x00000000a4800000, 0x00000000a4800000, 0x00000000a4900000|  0%| F|  |TAMS 0x00000000a4800000| PB 0x00000000a4800000| Untracked |  0
|  29|0x00000000a4900000, 0x00000000a4900000, 0x00000000a4a00000|  0%| F|  |TAMS 0x00000000a4900000| PB 0x00000000a4900000| Untracked |  0
|  30|0x00000000a4a00000, 0x00000000a4a00000, 0x00000000a4b00000|  0%| F|  |TAMS 0x00000000a4a00000| PB 0x00000000a4a00000| Untracked |  0
|  31|0x00000000a4b00000, 0x00000000a4b00000, 0x00000000a4c00000|  0%| F|  |TAMS 0x00000000a4b00000| PB 0x00000000a4b00000| Untracked |  0
|  32|0x00000000a4c00000, 0x00000000a4c00000, 0x00000000a4d00000|  0%| F|  |TAMS 0x00000000a4c00000| PB 0x00000000a4c00000| Untracked |  0
|  33|0x00000000a4d00000, 0x00000000a4d00000, 0x00000000a4e00000|  0%| F|  |TAMS 0x00000000a4d00000| PB 0x00000000a4d00000| Untracked |  0
|  34|0x00000000a4e00000, 0x00000000a4e00000, 0x00000000a4f00000|  0%| F|  |TAMS 0x00000000a4e00000| PB 0x00000000a4e00000| Untracked |  0
|  35|0x00000000a4f00000, 0x00000000a4f00000, 0x00000000a5000000|  0%| F|  |TAMS 0x00000000a4f00000| PB 0x00000000a4f00000| Untracked |  0
|  36|0x00000000a5000000, 0x00000000a5000000, 0x00000000a5100000|  0%| F|  |TAMS 0x00000000a5000000| PB 0x00000000a5000000| Untracked |  0
|  37|0x00000000a5100000, 0x00000000a517f7b0, 0x00000000a5200000| 49%| S|CS|TAMS 0x00000000a5100000| PB 0x00000000a5100000| Complete |  0
|  38|0x00000000a5200000, 0x00000000a5300000, 0x00000000a5300000|100%| S|CS|TAMS 0x00000000a5200000| PB 0x00000000a5200000| Complete |  0
|  39|0x00000000a5300000, 0x00000000a5400000, 0x00000000a5400000|100%| S|CS|TAMS 0x00000000a5300000| PB 0x00000000a5300000| Complete |  0
|  40|0x00000000a5400000, 0x00000000a5400000, 0x00000000a5500000|  0%| F|  |TAMS 0x00000000a5400000| PB 0x00000000a5400000| Untracked |  0
|  41|0x00000000a5500000, 0x00000000a5500000, 0x00000000a5600000|  0%| F|  |TAMS 0x00000000a5500000| PB 0x00000000a5500000| Untracked |  0
|  42|0x00000000a5600000, 0x00000000a5600000, 0x00000000a5700000|  0%| F|  |TAMS 0x00000000a5600000| PB 0x00000000a5600000| Untracked |  0
|  43|0x00000000a5700000, 0x00000000a5700000, 0x00000000a5800000|  0%| F|  |TAMS 0x00000000a5700000| PB 0x00000000a5700000| Untracked |  0
|  44|0x00000000a5800000, 0x00000000a5800000, 0x00000000a5900000|  0%| F|  |TAMS 0x00000000a5800000| PB 0x00000000a5800000| Untracked |  0
|  45|0x00000000a5900000, 0x00000000a5900000, 0x00000000a5a00000|  0%| F|  |TAMS 0x00000000a5900000| PB 0x00000000a5900000| Untracked |  0
|  46|0x00000000a5a00000, 0x00000000a5a00000, 0x00000000a5b00000|  0%| F|  |TAMS 0x00000000a5a00000| PB 0x00000000a5a00000| Untracked |  0
|  47|0x00000000a5b00000, 0x00000000a5b00000, 0x00000000a5c00000|  0%| F|  |TAMS 0x00000000a5b00000| PB 0x00000000a5b00000| Untracked |  0
|  48|0x00000000a5c00000, 0x00000000a5c00000, 0x00000000a5d00000|  0%| F|  |TAMS 0x00000000a5c00000| PB 0x00000000a5c00000| Untracked |  0
|  49|0x00000000a5d00000, 0x00000000a5d00000, 0x00000000a5e00000|  0%| F|  |TAMS 0x00000000a5d00000| PB 0x00000000a5d00000| Untracked |  0
|  50|0x00000000a5e00000, 0x00000000a5e00000, 0x00000000a5f00000|  0%| F|  |TAMS 0x00000000a5e00000| PB 0x00000000a5e00000| Untracked |  0
|  51|0x00000000a5f00000, 0x00000000a5f00000, 0x00000000a6000000|  0%| F|  |TAMS 0x00000000a5f00000| PB 0x00000000a5f00000| Untracked |  0
|  52|0x00000000a6000000, 0x00000000a6000000, 0x00000000a6100000|  0%| F|  |TAMS 0x00000000a6000000| PB 0x00000000a6000000| Untracked |  0
|  53|0x00000000a6100000, 0x00000000a6100000, 0x00000000a6200000|  0%| F|  |TAMS 0x00000000a6100000| PB 0x00000000a6100000| Untracked |  0
|  54|0x00000000a6200000, 0x00000000a6200000, 0x00000000a6300000|  0%| F|  |TAMS 0x00000000a6200000| PB 0x00000000a6200000| Untracked |  0
|  55|0x00000000a6300000, 0x00000000a6300000, 0x00000000a6400000|  0%| F|  |TAMS 0x00000000a6300000| PB 0x00000000a6300000| Untracked |  0
|  56|0x00000000a6400000, 0x00000000a6400000, 0x00000000a6500000|  0%| F|  |TAMS 0x00000000a6400000| PB 0x00000000a6400000| Untracked |  0
|  57|0x00000000a6500000, 0x00000000a6500000, 0x00000000a6600000|  0%| F|  |TAMS 0x00000000a6500000| PB 0x00000000a6500000| Untracked |  0
|  58|0x00000000a6600000, 0x00000000a6600000, 0x00000000a6700000|  0%| F|  |TAMS 0x00000000a6600000| PB 0x00000000a6600000| Untracked |  0
|  59|0x00000000a6700000, 0x00000000a6700000, 0x00000000a6800000|  0%| F|  |TAMS 0x00000000a6700000| PB 0x00000000a6700000| Untracked |  0
|  60|0x00000000a6800000, 0x00000000a6800000, 0x00000000a6900000|  0%| F|  |TAMS 0x00000000a6800000| PB 0x00000000a6800000| Untracked |  0
|  61|0x00000000a6900000, 0x00000000a6900000, 0x00000000a6a00000|  0%| F|  |TAMS 0x00000000a6900000| PB 0x00000000a6900000| Untracked |  0
|  62|0x00000000a6a00000, 0x00000000a6a00000, 0x00000000a6b00000|  0%| F|  |TAMS 0x00000000a6a00000| PB 0x00000000a6a00000| Untracked |  0
|  63|0x00000000a6b00000, 0x00000000a6b00000, 0x00000000a6c00000|  0%| F|  |TAMS 0x00000000a6b00000| PB 0x00000000a6b00000| Untracked |  0
|  64|0x00000000a6c00000, 0x00000000a6c80000, 0x00000000a6d00000| 50%| E|  |TAMS 0x00000000a6c00000| PB 0x00000000a6c00000| Complete |  0
|  65|0x00000000a6d00000, 0x00000000a6e00000, 0x00000000a6e00000|100%| E|CS|TAMS 0x00000000a6d00000| PB 0x00000000a6d00000| Complete |  0
|  66|0x00000000a6e00000, 0x00000000a6f00000, 0x00000000a6f00000|100%| E|CS|TAMS 0x00000000a6e00000| PB 0x00000000a6e00000| Complete |  0
|  67|0x00000000a6f00000, 0x00000000a7000000, 0x00000000a7000000|100%| E|CS|TAMS 0x00000000a6f00000| PB 0x00000000a6f00000| Complete |  0
|  68|0x00000000a7000000, 0x00000000a7100000, 0x00000000a7100000|100%| E|CS|TAMS 0x00000000a7000000| PB 0x00000000a7000000| Complete |  0
|  69|0x00000000a7100000, 0x00000000a7200000, 0x00000000a7200000|100%| E|CS|TAMS 0x00000000a7100000| PB 0x00000000a7100000| Complete |  0
|  70|0x00000000a7200000, 0x00000000a7300000, 0x00000000a7300000|100%| E|CS|TAMS 0x00000000a7200000| PB 0x00000000a7200000| Complete |  0
|  71|0x00000000a7300000, 0x00000000a7400000, 0x00000000a7400000|100%| E|CS|TAMS 0x00000000a7300000| PB 0x00000000a7300000| Complete |  0
|  72|0x00000000a7400000, 0x00000000a7500000, 0x00000000a7500000|100%| E|CS|TAMS 0x00000000a7400000| PB 0x00000000a7400000| Complete |  0
|  73|0x00000000a7500000, 0x00000000a7600000, 0x00000000a7600000|100%| E|CS|TAMS 0x00000000a7500000| PB 0x00000000a7500000| Complete |  0
|  74|0x00000000a7600000, 0x00000000a7700000, 0x00000000a7700000|100%| E|CS|TAMS 0x00000000a7600000| PB 0x00000000a7600000| Complete |  0
|  75|0x00000000a7700000, 0x00000000a7800000, 0x00000000a7800000|100%| E|CS|TAMS 0x00000000a7700000| PB 0x00000000a7700000| Complete |  0
|  76|0x00000000a7800000, 0x00000000a7900000, 0x00000000a7900000|100%| E|CS|TAMS 0x00000000a7800000| PB 0x00000000a7800000| Complete |  0
|  77|0x00000000a7900000, 0x00000000a7a00000, 0x00000000a7a00000|100%| E|CS|TAMS 0x00000000a7900000| PB 0x00000000a7900000| Complete |  0
|  78|0x00000000a7a00000, 0x00000000a7b00000, 0x00000000a7b00000|100%| E|CS|TAMS 0x00000000a7a00000| PB 0x00000000a7a00000| Complete |  0
|  79|0x00000000a7b00000, 0x00000000a7c00000, 0x00000000a7c00000|100%| E|CS|TAMS 0x00000000a7b00000| PB 0x00000000a7b00000| Complete |  0
|  80|0x00000000a7c00000, 0x00000000a7d00000, 0x00000000a7d00000|100%| E|CS|TAMS 0x00000000a7c00000| PB 0x00000000a7c00000| Complete |  0
|  81|0x00000000a7d00000, 0x00000000a7e00000, 0x00000000a7e00000|100%| E|CS|TAMS 0x00000000a7d00000| PB 0x00000000a7d00000| Complete |  0
|  82|0x00000000a7e00000, 0x00000000a7f00000, 0x00000000a7f00000|100%| E|CS|TAMS 0x00000000a7e00000| PB 0x00000000a7e00000| Complete |  0
|  83|0x00000000a7f00000, 0x00000000a8000000, 0x00000000a8000000|100%| E|CS|TAMS 0x00000000a7f00000| PB 0x00000000a7f00000| Complete |  0
|  84|0x00000000a8000000, 0x00000000a8100000, 0x00000000a8100000|100%| E|CS|TAMS 0x00000000a8000000| PB 0x00000000a8000000| Complete |  0
|  85|0x00000000a8100000, 0x00000000a8200000, 0x00000000a8200000|100%| E|CS|TAMS 0x00000000a8100000| PB 0x00000000a8100000| Complete |  0
|  86|0x00000000a8200000, 0x00000000a8300000, 0x00000000a8300000|100%| E|CS|TAMS 0x00000000a8200000| PB 0x00000000a8200000| Complete |  0
|  87|0x00000000a8300000, 0x00000000a8400000, 0x00000000a8400000|100%| E|CS|TAMS 0x00000000a8300000| PB 0x00000000a8300000| Complete |  0
|  88|0x00000000a8400000, 0x00000000a8500000, 0x00000000a8500000|100%| E|CS|TAMS 0x00000000a8400000| PB 0x00000000a8400000| Complete |  0
|  89|0x00000000a8500000, 0x00000000a8600000, 0x00000000a8600000|100%| E|CS|TAMS 0x00000000a8500000| PB 0x00000000a8500000| Complete |  0
|  90|0x00000000a8600000, 0x00000000a8700000, 0x00000000a8700000|100%| E|CS|TAMS 0x00000000a8600000| PB 0x00000000a8600000| Complete |  0
|  91|0x00000000a8700000, 0x00000000a8800000, 0x00000000a8800000|100%| E|CS|TAMS 0x00000000a8700000| PB 0x00000000a8700000| Complete |  0
|  92|0x00000000a8800000, 0x00000000a8900000, 0x00000000a8900000|100%| E|CS|TAMS 0x00000000a8800000| PB 0x00000000a8800000| Complete |  0
|  93|0x00000000a8900000, 0x00000000a8a00000, 0x00000000a8a00000|100%| E|CS|TAMS 0x00000000a8900000| PB 0x00000000a8900000| Complete |  0

Card table byte_map: [0x000001ddccef0000,0x000001ddcd1e0000] _byte_map_base: 0x000001ddcc9da000

Marking Bits: (CMBitMap*) 0x000001ddb51d2d60
 Bits: [0x000001ddcd1e0000, 0x000001ddce930000)

Polling page: 0x000001ddb2fe0000

Metaspace:

Usage:
  Non-class:     14.52 MB used.
      Class:      1.91 MB used.
       Both:     16.43 MB used.

Virtual space:
  Non-class space:       64.00 MB reserved,      14.69 MB ( 23%) committed,  1 nodes.
      Class space:        1.00 GB reserved,       2.00 MB ( <1%) committed,  1 nodes.
             Both:        1.06 GB reserved,      16.69 MB (  2%) committed. 

Chunk freelists:
   Non-Class:  400.00 KB
       Class:  13.88 MB
        Both:  14.27 MB

MaxMetaspaceSize: unlimited
CompressedClassSpaceSize: 1.00 GB
Initial GC threshold: 21.00 MB
Current GC threshold: 21.00 MB
CDS: on
 - commit_granule_bytes: 65536.
 - commit_granule_words: 8192.
 - virtual_space_node_default_size: 8388608.
 - enlarge_chunks_in_place: 1.
 - use_allocation_guard: 0.


Internal statistics:

num_allocs_failed_limit: 0.
num_arena_births: 172.
num_arena_deaths: 0.
num_vsnodes_births: 2.
num_vsnodes_deaths: 0.
num_space_committed: 267.
num_space_uncommitted: 0.
num_chunks_returned_to_freelist: 0.
num_chunks_taken_from_freelist: 744.
num_chunk_merges: 0.
num_chunk_splits: 507.
num_chunks_enlarged: 410.
num_inconsistent_stats: 0.

CodeHeap 'non-profiled nmethods': size=120064Kb used=2166Kb max_used=2166Kb free=117898Kb
 bounds [0x000001ddc5380000, 0x000001ddc55f0000, 0x000001ddcc8c0000]
CodeHeap 'profiled nmethods': size=120000Kb used=8309Kb max_used=8309Kb free=111690Kb
 bounds [0x000001ddbd8c0000, 0x000001ddbe0e0000, 0x000001ddc4df0000]
CodeHeap 'non-nmethods': size=5696Kb used=1402Kb max_used=1466Kb free=4293Kb
 bounds [0x000001ddc4df0000, 0x000001ddc5060000, 0x000001ddc5380000]
CodeCache: size=245760Kb, used=11877Kb, max_used=11941Kb, free=233881Kb
 total_blobs=5594, nmethods=5091, adapters=407, full_count=0
Compilation: enabled, stopped_count=0, restarted_count=0

Compilation events (20 events):
Event: 7.851 Thread 0x000001ddd1390a40 5058       4       java.util.LinkedHashMap::values (5 bytes)
Event: 7.853 Thread 0x000001ddd1390a40 nmethod 5058 0x000001ddc5595a88 code [0x000001ddc5595ba0, 0x000001ddc5595d98]
Event: 7.853 Thread 0x000001ddd1390a40 5041       4       java.util.regex.Matcher::<init> (88 bytes)
Event: 7.862 Thread 0x000001ddd1391840 5061       3       java.util.Hashtable::rehash (142 bytes)
Event: 7.863 Thread 0x000001ddd1391840 nmethod 5061 0x000001ddbe0b9b08 code [0x000001ddbe0b9ca0, 0x000001ddbe0ba338]
Event: 7.863 Thread 0x000001ddd1391840 5062       3       java.lang.ThreadLocal$ThreadLocalMap::expungeStaleEntry (146 bytes)
Event: 7.864 Thread 0x000001ddd1391840 nmethod 5062 0x000001ddbe0ba388 code [0x000001ddbe0ba540, 0x000001ddbe0bb238]
Event: 7.908 Thread 0x000001ddd1391840 5064       3       org.apache.maven.model.interpolation.StringVisitorModelInterpolator$ModelVisitor::visit (66 bytes)
Event: 8.868 Thread 0x000001ddd1391840 nmethod 5064 0x000001ddbe0bb288 code [0x000001ddbe0bb460, 0x000001ddbe0bbf50]
Event: 8.868 Thread 0x000001ddd1391840 5068   !   3       org.apache.maven.model.building.DefaultModelBuilder::readModel (614 bytes)
Event: 8.874 Thread 0x000001ddd1391840 nmethod 5068 0x000001ddbe0bc008 code [0x000001ddbe0bc920, 0x000001ddbe0c1930]
Event: 8.874 Thread 0x000001ddd1391840 5070       3       org.apache.maven.model.building.DefaultModelBuilder::getProfileActivationContext (100 bytes)
Event: 8.875 Thread 0x000001ddd1390a40 nmethod 5041 0x000001ddc5595e08 code [0x000001ddc5595f80, 0x000001ddc5596a98]
Event: 8.875 Thread 0x000001ddd1390a40 5063       4       java.lang.ref.Reference::<init> (25 bytes)
Event: 8.876 Thread 0x000001ddd1391840 nmethod 5070 0x000001ddbe0c1b08 code [0x000001ddbe0c1e40, 0x000001ddbe0c3a08]
Event: 8.876 Thread 0x000001ddd1391840 5069       3       org.apache.maven.model.building.DefaultModelBuildingResult::<init> (60 bytes)
Event: 8.876 Thread 0x000001ddd1391840 nmethod 5069 0x000001ddbe0c3b08 code [0x000001ddbe0c3d00, 0x000001ddbe0c4a08]
Event: 8.876 Thread 0x000001ddd1391840 5067       3       org.apache.maven.model.Parent::<init> (11 bytes)
Event: 8.876 Thread 0x000001ddd1391840 nmethod 5067 0x000001ddbe0c4a88 code [0x000001ddbe0c4ba0, 0x000001ddbe0c4d70]
Event: 8.876 Thread 0x000001ddd1391840 5066   !   3       org.apache.maven.repository.internal.DefaultModelResolver::resolveModel (107 bytes)

GC Heap History (12 events):
Event: 1.867 GC heap before
{Heap before GC invocations=0 (full 0):
 garbage-first heap   total reserved 1527808K, committed 96256K, used 24576K [0x00000000a2c00000, 0x0000000100000000)
  region size 1024K, 24 young (24576K), 0 survivors (0K)
 Metaspace       used 5942K, committed 6144K, reserved 1114112K
  class space    used 728K, committed 832K, reserved 1048576K
}
Event: 1.878 GC heap after
{Heap after GC invocations=1 (full 0):
 garbage-first heap   total reserved 1527808K, committed 96256K, used 3840K [0x00000000a2c00000, 0x0000000100000000)
  region size 1024K, 3 young (3072K), 3 survivors (3072K)
 Metaspace       used 5942K, committed 6144K, reserved 1114112K
  class space    used 728K, committed 832K, reserved 1048576K
}
Event: 2.897 GC heap before
{Heap before GC invocations=1 (full 0):
 garbage-first heap   total reserved 1527808K, committed 96256K, used 26368K [0x00000000a2c00000, 0x0000000100000000)
  region size 1024K, 25 young (25600K), 3 survivors (3072K)
 Metaspace       used 8448K, committed 8640K, reserved 1114112K
  class space    used 1039K, committed 1152K, reserved 1048576K
}
Event: 2.905 GC heap after
{Heap after GC invocations=2 (full 0):
 garbage-first heap   total reserved 1527808K, committed 96256K, used 4762K [0x00000000a2c00000, 0x0000000100000000)
  region size 1024K, 1 young (1024K), 1 survivors (1024K)
 Metaspace       used 8448K, committed 8640K, reserved 1114112K
  class space    used 1039K, committed 1152K, reserved 1048576K
}
Event: 5.349 GC heap before
{Heap before GC invocations=2 (full 0):
 garbage-first heap   total reserved 1527808K, committed 96256K, used 52890K [0x00000000a2c00000, 0x0000000100000000)
  region size 1024K, 48 young (49152K), 1 survivors (1024K)
 Metaspace       used 15399K, committed 15616K, reserved 1114112K
  class space    used 1885K, committed 1984K, reserved 1048576K
}
Event: 5.365 GC heap after
{Heap after GC invocations=3 (full 0):
 garbage-first heap   total reserved 1527808K, committed 96256K, used 9882K [0x00000000a2c00000, 0x0000000100000000)
  region size 1024K, 6 young (6144K), 6 survivors (6144K)
 Metaspace       used 15399K, committed 15616K, reserved 1114112K
  class space    used 1885K, committed 1984K, reserved 1048576K
}
Event: 6.483 GC heap before
{Heap before GC invocations=3 (full 0):
 garbage-first heap   total reserved 1527808K, committed 96256K, used 54938K [0x00000000a2c00000, 0x0000000100000000)
  region size 1024K, 50 young (51200K), 6 survivors (6144K)
 Metaspace       used 16210K, committed 16448K, reserved 1114112K
  class space    used 1952K, committed 2048K, reserved 1048576K
}
Event: 6.497 GC heap after
{Heap after GC invocations=4 (full 0):
 garbage-first heap   total reserved 1527808K, committed 96256K, used 13441K [0x00000000a2c00000, 0x0000000100000000)
  region size 1024K, 4 young (4096K), 4 survivors (4096K)
 Metaspace       used 16210K, committed 16448K, reserved 1114112K
  class space    used 1952K, committed 2048K, reserved 1048576K
}
Event: 7.297 GC heap before
{Heap before GC invocations=4 (full 0):
 garbage-first heap   total reserved 1527808K, committed 96256K, used 61569K [0x00000000a2c00000, 0x0000000100000000)
  region size 1024K, 51 young (52224K), 4 survivors (4096K)
 Metaspace       used 16644K, committed 16896K, reserved 1114112K
  class space    used 1955K, committed 2048K, reserved 1048576K
}
Event: 7.307 GC heap after
{Heap after GC invocations=5 (full 0):
 garbage-first heap   total reserved 1527808K, committed 96256K, used 16209K [0x00000000a2c00000, 0x0000000100000000)
  region size 1024K, 3 young (3072K), 3 survivors (3072K)
 Metaspace       used 16644K, committed 16896K, reserved 1114112K
  class space    used 1955K, committed 2048K, reserved 1048576K
}
Event: 7.855 GC heap before
{Heap before GC invocations=5 (full 0):
 garbage-first heap   total reserved 1527808K, committed 96256K, used 68433K [0x00000000a2c00000, 0x0000000100000000)
  region size 1024K, 54 young (55296K), 3 survivors (3072K)
 Metaspace       used 16796K, committed 17088K, reserved 1114112K
  class space    used 1955K, committed 2048K, reserved 1048576K
}
Event: 7.860 GC heap after
{Heap after GC invocations=6 (full 0):
 garbage-first heap   total reserved 1527808K, committed 96256K, used 16303K [0x00000000a2c00000, 0x0000000100000000)
  region size 1024K, 3 young (3072K), 3 survivors (3072K)
 Metaspace       used 16796K, committed 17088K, reserved 1114112K
  class space    used 1955K, committed 2048K, reserved 1048576K
}

Dll operation events (8 events):
Event: 0.025 Loaded shared library C:\Program Files\Java\jdk-23\bin\java.dll
Event: 0.076 Loaded shared library C:\Program Files\Java\jdk-23\bin\jsvml.dll
Event: 0.115 Loaded shared library C:\Program Files\Java\jdk-23\bin\net.dll
Event: 0.119 Loaded shared library C:\Program Files\Java\jdk-23\bin\nio.dll
Event: 0.126 Loaded shared library C:\Program Files\Java\jdk-23\bin\zip.dll
Event: 0.392 Loaded shared library C:\Program Files\NetBeans-23\netbeans\java\maven\lib\jansi-native\Windows\x86_64\jansi.dll
Event: 0.427 Loaded shared library C:\Program Files\Java\jdk-23\bin\verify.dll
Event: 0.492 Loaded shared library C:\Program Files\Java\jdk-23\bin\jimage.dll

Deoptimization events (20 events):
Event: 6.948 Thread 0x000001ddb2dd3530 DEOPT PACKING pc=0x000001ddc554b8e8 sp=0x0000006f73efd550
Event: 6.948 Thread 0x000001ddb2dd3530 DEOPT UNPACKING pc=0x000001ddc4e44402 sp=0x0000006f73efd4d8 mode 2
Event: 6.948 Thread 0x000001ddb2dd3530 Uncommon trap: trap_request=0xffffffd6 fr.pc=0x000001ddc554b8e8 relative=0x0000000000000448
Event: 6.948 Thread 0x000001ddb2dd3530 Uncommon trap: reason=array_check action=maybe_recompile pc=0x000001ddc554b8e8 method=java.util.HashMap.keysToArray([Ljava/lang/Object;)[Ljava/lang/Object; @ 62 c2
Event: 6.948 Thread 0x000001ddb2dd3530 DEOPT PACKING pc=0x000001ddc554b8e8 sp=0x0000006f73efd550
Event: 6.949 Thread 0x000001ddb2dd3530 DEOPT UNPACKING pc=0x000001ddc4e44402 sp=0x0000006f73efd4d8 mode 2
Event: 6.949 Thread 0x000001ddb2dd3530 Uncommon trap: trap_request=0xffffffd6 fr.pc=0x000001ddc554b8e8 relative=0x0000000000000448
Event: 6.949 Thread 0x000001ddb2dd3530 Uncommon trap: reason=array_check action=maybe_recompile pc=0x000001ddc554b8e8 method=java.util.HashMap.keysToArray([Ljava/lang/Object;)[Ljava/lang/Object; @ 62 c2
Event: 6.949 Thread 0x000001ddb2dd3530 DEOPT PACKING pc=0x000001ddc554b8e8 sp=0x0000006f73efd550
Event: 6.949 Thread 0x000001ddb2dd3530 DEOPT UNPACKING pc=0x000001ddc4e44402 sp=0x0000006f73efd4d8 mode 2
Event: 6.949 Thread 0x000001ddb2dd3530 Uncommon trap: trap_request=0xffffffd6 fr.pc=0x000001ddc554b8e8 relative=0x0000000000000448
Event: 6.949 Thread 0x000001ddb2dd3530 Uncommon trap: reason=array_check action=maybe_recompile pc=0x000001ddc554b8e8 method=java.util.HashMap.keysToArray([Ljava/lang/Object;)[Ljava/lang/Object; @ 62 c2
Event: 6.949 Thread 0x000001ddb2dd3530 DEOPT PACKING pc=0x000001ddc554b8e8 sp=0x0000006f73efd4f0
Event: 6.949 Thread 0x000001ddb2dd3530 DEOPT UNPACKING pc=0x000001ddc4e44402 sp=0x0000006f73efd478 mode 2
Event: 6.975 Thread 0x000001ddb2dd3530 DEOPT PACKING pc=0x000001ddbd94bd1c sp=0x0000006f73efce90
Event: 6.975 Thread 0x000001ddb2dd3530 DEOPT UNPACKING pc=0x000001ddc4e44b22 sp=0x0000006f73efc390 mode 0
Event: 8.029 Thread 0x000001ddb2dd3530 Uncommon trap: trap_request=0xffffff45 fr.pc=0x000001ddc555f050 relative=0x0000000000000190
Event: 8.867 Thread 0x000001ddb2dd3530 Uncommon trap: reason=unstable_if action=reinterpret pc=0x000001ddc555f050 method=org.apache.maven.model.merge.ModelMerger.mergePlugin_Extensions(Lorg/apache/maven/model/Plugin;Lorg/apache/maven/model/Plugin;ZLjava/util/Map;)V @ 19 c2
Event: 8.867 Thread 0x000001ddb2dd3530 DEOPT PACKING pc=0x000001ddc555f050 sp=0x0000006f73efcdf0
Event: 8.867 Thread 0x000001ddb2dd3530 DEOPT UNPACKING pc=0x000001ddc4e44402 sp=0x0000006f73efcd80 mode 2

Classes loaded (20 events):
Event: 4.795 Loading class java/util/AbstractMap$ValueIterator
Event: 4.795 Loading class java/util/AbstractMap$ValueIterator done
Event: 4.863 Loading class sun/util/resources/LocaleData$CommonResourceBundleProvider
Event: 4.864 Loading class sun/util/resources/LocaleData$LocaleDataResourceBundleProvider
Event: 4.864 Loading class java/util/spi/ResourceBundleProvider
Event: 4.865 Loading class java/util/spi/ResourceBundleProvider done
Event: 4.865 Loading class sun/util/resources/LocaleData$LocaleDataResourceBundleProvider done
Event: 4.865 Loading class sun/util/resources/LocaleData$CommonResourceBundleProvider done
Event: 4.865 Loading class sun/util/resources/Bundles$2
Event: 4.866 Loading class sun/util/resources/Bundles$2 done
Event: 4.909 Loading class java/util/stream/IntStream
Event: 4.909 Loading class java/util/stream/IntStream done
Event: 4.910 Loading class java/util/stream/IntPipeline$Head
Event: 4.910 Loading class java/util/stream/IntPipeline
Event: 4.911 Loading class java/util/stream/IntPipeline done
Event: 4.911 Loading class java/util/stream/IntPipeline$Head done
Event: 5.029 Loading class java/util/stream/Streams$RangeIntSpliterator
Event: 5.030 Loading class java/util/stream/Streams$RangeIntSpliterator done
Event: 6.578 Loading class sun/nio/cs/ISO_8859_1$Decoder
Event: 6.579 Loading class sun/nio/cs/ISO_8859_1$Decoder done

Classes unloaded (0 events):
No events

Classes redefined (0 events):
No events

Internal exceptions (20 events):
Event: 3.494 Thread 0x000001ddb2dd3530 Exception <a 'java/lang/ExceptionInInitializerError'{0x00000000a7ef9830}> (0x00000000a7ef9830) 
thrown [s\open\src\hotspot\share\oops\instanceKlass.cpp, line 1236]
Event: 3.550 Thread 0x000001ddb2dd3530 Exception <a 'java/lang/NoSuchMethodError'{0x00000000a7c0ffc8}: 'long java.lang.invoke.DirectMethodHandle$Holder.invokeStatic(java.lang.Object, java.lang.Object, int)'> (0x00000000a7c0ffc8) 
thrown [s\open\src\hotspot\share\interpreter\linkResolver.cpp, line 796]
Event: 3.554 Thread 0x000001ddb2dd3530 Exception <a 'java/lang/NoSuchMethodError'{0x00000000a7c23598}: 'java.lang.Object java.lang.invoke.DirectMethodHandle$Holder.invokeStatic(java.lang.Object, java.lang.Object, java.lang.Object, java.lang.Object, int)'> (0x00000000a7c23598) 
thrown [s\open\src\hotspot\share\interpreter\linkResolver.cpp, line 796]
Event: 3.556 Thread 0x000001ddb2dd3530 Exception <a 'java/lang/NoSuchMethodError'{0x00000000a7c2b780}: 'java.lang.Object java.lang.invoke.DirectMethodHandle$Holder.invokeSpecial(java.lang.Object, java.lang.Object, java.lang.Object, java.lang.Object, long)'> (0x00000000a7c2b780) 
thrown [s\open\src\hotspot\share\interpreter\linkResolver.cpp, line 796]
Event: 3.559 Thread 0x000001ddb2dd3530 Exception <a 'java/lang/NoSuchMethodError'{0x00000000a7c37310}: 'java.lang.Object java.lang.invoke.DirectMethodHandle$Holder.invokeSpecial(java.lang.Object, java.lang.Object, java.lang.Object, int, java.lang.Object)'> (0x00000000a7c37310) 
thrown [s\open\src\hotspot\share\interpreter\linkResolver.cpp, line 796]
Event: 3.566 Thread 0x000001ddb2dd3530 Implicit null exception at 0x000001ddc540213d to 0x000001ddc54022c8
Event: 3.570 Thread 0x000001ddb2dd3530 Exception <a 'java/lang/NoSuchMethodError'{0x00000000a7c602d8}: 'java.lang.Object java.lang.invoke.Invokers$Holder.invokeExact_MT(java.lang.Object, int, java.lang.Object)'> (0x00000000a7c602d8) 
thrown [s\open\src\hotspot\share\interpreter\linkResolver.cpp, line 796]
Event: 4.119 Thread 0x000001ddb2dd3530 Exception <a 'java/lang/NoSuchMethodError'{0x00000000a720ee20}: 'void java.lang.invoke.Invokers$Holder.invokeExact_MT(java.lang.Object, java.lang.Object, java.lang.Object, java.lang.Object)'> (0x00000000a720ee20) 
thrown [s\open\src\hotspot\share\interpreter\linkResolver.cpp, line 796]
Event: 4.153 Thread 0x000001ddb2dd3530 Exception <a 'java/lang/NoClassDefFoundError'{0x00000000a72a0ac0}: com/google/inject/servlet/ServletModuleTargetVisitor> (0x00000000a72a0ac0) 
thrown [s\open\src\hotspot\share\classfile\systemDictionary.cpp, line 302]
Event: 4.336 Thread 0x000001ddb2dd3530 Exception <a 'java/lang/NoSuchMethodError'{0x00000000a6f461b0}: 'void java.lang.invoke.DirectMethodHandle$Holder.invokeVirtual(java.lang.Object, java.lang.Object)'> (0x00000000a6f461b0) 
thrown [s\open\src\hotspot\share\interpreter\linkResolver.cpp, line 796]
Event: 4.466 Thread 0x000001ddb2dd3530 Exception <a 'java/lang/NoSuchMethodError'{0x00000000a6fd5698}: 'java.lang.Object java.lang.invoke.DirectMethodHandle$Holder.invokeStaticInit(java.lang.Object, int, int, int, int)'> (0x00000000a6fd5698) 
thrown [s\open\src\hotspot\share\interpreter\linkResolver.cpp, line 796]
Event: 4.739 Thread 0x000001ddb2dd3530 Implicit null exception at 0x000001ddc53aa194 to 0x000001ddc53aa7e8
Event: 4.739 Thread 0x000001ddb2dd3530 Implicit null exception at 0x000001ddc53b5910 to 0x000001ddc53b5f4c
Event: 4.807 Thread 0x000001ddb2dd3530 Exception <a 'java/lang/NoSuchMethodError'{0x00000000a695c450}: 'void java.lang.invoke.DirectMethodHandle$Holder.invokeSpecial(java.lang.Object, java.lang.Object, java.lang.Object, java.lang.Object, java.lang.Object)'> (0x00000000a695c450) 
thrown [s\open\src\hotspot\share\interpreter\linkResolver.cpp, line 796]
Event: 4.812 Thread 0x000001ddb2dd3530 Exception <a 'java/lang/NoSuchMethodError'{0x00000000a6972fa0}: 'void java.lang.invoke.DirectMethodHandle$Holder.invokeSpecial(java.lang.Object, java.lang.Object, java.lang.Object, java.lang.Object, java.lang.Object, java.lang.Object)'> (0x00000000a6972fa0) 
thrown [s\open\src\hotspot\share\interpreter\linkResolver.cpp, line 796]
Event: 4.836 Thread 0x000001ddb2dd3530 Exception <a 'java/lang/NoSuchMethodError'{0x00000000a68653e8}: 'java.lang.Object java.lang.invoke.DirectMethodHandle$Holder.invokeVirtual(java.lang.Object, java.lang.Object, java.lang.Object)'> (0x00000000a68653e8) 
thrown [s\open\src\hotspot\share\interpreter\linkResolver.cpp, line 796]
Event: 4.939 Thread 0x000001ddb2dd3530 Exception <a 'java/lang/NoSuchMethodError'{0x00000000a665bef0}: 'void java.lang.invoke.DirectMethodHandle$Holder.invokeVirtual(java.lang.Object, java.lang.Object, int)'> (0x00000000a665bef0) 
thrown [s\open\src\hotspot\share\interpreter\linkResolver.cpp, line 796]
Event: 4.939 Thread 0x000001ddb2dd3530 Exception <a 'java/lang/NoSuchMethodError'{0x00000000a665fd08}: 'void java.lang.invoke.DirectMethodHandle$Holder.invokeSpecial(java.lang.Object, java.lang.Object, java.lang.Object, int)'> (0x00000000a665fd08) 
thrown [s\open\src\hotspot\share\interpreter\linkResolver.cpp, line 796]
Event: 4.940 Thread 0x000001ddb2dd3530 Exception <a 'java/lang/NoSuchMethodError'{0x00000000a66633f0}: 'void java.lang.invoke.DelegatingMethodHandle$Holder.reinvoke_L(java.lang.Object, java.lang.Object, int)'> (0x00000000a66633f0) 
thrown [s\open\src\hotspot\share\interpreter\linkResolver.cpp, line 796]
Event: 5.922 Thread 0x000001ddb2dd3530 Exception <a 'java/lang/NoSuchMethodError'{0x00000000a77ad4e0}: 'int java.lang.invoke.DirectMethodHandle$Holder.invokeSpecialIFC(java.lang.Object, java.lang.Object, java.lang.Object, java.lang.Object)'> (0x00000000a77ad4e0) 
thrown [s\open\src\hotspot\share\interpreter\linkResolver.cpp, line 796]

VM Operations (20 events):
Event: 4.093 Executing VM operation: HandshakeAllThreads (Deoptimize)
Event: 4.093 Executing VM operation: HandshakeAllThreads (Deoptimize) done
Event: 4.410 Executing VM operation: HandshakeAllThreads (Deoptimize)
Event: 4.410 Executing VM operation: HandshakeAllThreads (Deoptimize) done
Event: 4.501 Executing VM operation: HandshakeAllThreads (Deoptimize)
Event: 4.501 Executing VM operation: HandshakeAllThreads (Deoptimize) done
Event: 4.578 Executing VM operation: HandshakeAllThreads (Deoptimize)
Event: 4.578 Executing VM operation: HandshakeAllThreads (Deoptimize) done
Event: 4.684 Executing VM operation: HandshakeAllThreads (Deoptimize)
Event: 4.684 Executing VM operation: HandshakeAllThreads (Deoptimize) done
Event: 4.686 Executing VM operation: HandshakeAllThreads (Deoptimize)
Event: 4.686 Executing VM operation: HandshakeAllThreads (Deoptimize) done
Event: 5.349 Executing VM operation: G1CollectForAllocation (G1 Evacuation Pause)
Event: 5.365 Executing VM operation: G1CollectForAllocation (G1 Evacuation Pause) done
Event: 6.483 Executing VM operation: G1CollectForAllocation (G1 Evacuation Pause)
Event: 6.497 Executing VM operation: G1CollectForAllocation (G1 Evacuation Pause) done
Event: 7.297 Executing VM operation: G1CollectForAllocation (G1 Evacuation Pause)
Event: 7.307 Executing VM operation: G1CollectForAllocation (G1 Evacuation Pause) done
Event: 7.855 Executing VM operation: G1CollectForAllocation (G1 Evacuation Pause)
Event: 7.860 Executing VM operation: G1CollectForAllocation (G1 Evacuation Pause) done

Memory protections (0 events):
No events

Nmethod flushes (0 events):
No events

Events (19 events):
Event: 0.047 Thread 0x000001ddb2dd3530 Thread added: 0x000001ddb2dd3530
Event: 0.072 Thread 0x000001ddb2dd3530 Thread added: 0x000001ddd13423a0
Event: 0.072 Thread 0x000001ddb2dd3530 Thread added: 0x000001ddd13450b0
Event: 0.073 Thread 0x000001ddb2dd3530 Thread added: 0x000001ddd134c490
Event: 0.073 Thread 0x000001ddb2dd3530 Thread added: 0x000001ddd134cef0
Event: 0.073 Thread 0x000001ddb2dd3530 Thread added: 0x000001ddd134d950
Event: 0.073 Thread 0x000001ddb2dd3530 Thread added: 0x000001ddd135a510
Event: 0.073 Thread 0x000001ddb2dd3530 Thread added: 0x000001ddd1390a40
Event: 0.074 Thread 0x000001ddb2dd3530 Thread added: 0x000001ddd1391840
Event: 0.101 Thread 0x000001ddb2dd3530 Thread added: 0x000001ddd14d4a30
Event: 0.107 Thread 0x000001ddb2dd3530 Thread added: 0x000001ddd14dd8e0
Event: 0.383 Thread 0x000001ddb2dd3530 Thread added: 0x000001de170541e0
Event: 0.637 Thread 0x000001de170541e0 Thread exited: 0x000001de170541e0
Event: 1.706 Thread 0x000001ddd1391840 Thread added: 0x000001de179b27d0
Event: 2.915 Thread 0x000001de179b27d0 Thread exited: 0x000001de179b27d0
Event: 3.739 Thread 0x000001ddd1390a40 Thread added: 0x000001de17f8eef0
Event: 4.116 Thread 0x000001de17f8eef0 Thread exited: 0x000001de17f8eef0
Event: 4.590 Thread 0x000001ddd1391840 Thread added: 0x000001de180ac450
Event: 4.863 Thread 0x000001ddd1391840 Thread added: 0x000001de18426df0


Dynamic libraries:
0x00007ff7780e0000 - 0x00007ff7780f0000 	C:\Program Files\Java\jdk-23\bin\java.exe
0x00007ff8b9520000 - 0x00007ff8b9789000 	C:\WINDOWS\SYSTEM32\ntdll.dll
0x00007ff8b7690000 - 0x00007ff8b7759000 	C:\WINDOWS\System32\KERNEL32.DLL
0x00007ff8b6a90000 - 0x00007ff8b6e83000 	C:\WINDOWS\System32\KERNELBASE.dll
0x00007ff8b6e90000 - 0x00007ff8b6fdb000 	C:\WINDOWS\System32\ucrtbase.dll
0x00007ff8a9e00000 - 0x00007ff8a9e17000 	C:\Program Files\Java\jdk-23\bin\jli.dll
0x00007ff8aaba0000 - 0x00007ff8aabbb000 	C:\Program Files\Java\jdk-23\bin\VCRUNTIME140.dll
0x00007ff8a2830000 - 0x00007ff8a2ac3000 	C:\WINDOWS\WinSxS\amd64_microsoft.windows.common-controls_6595b64144ccf1df_6.0.26100.5074_none_3e0d6f78e32fd63f\COMCTL32.dll
0x00007ff8b8830000 - 0x00007ff8b89f4000 	C:\WINDOWS\System32\USER32.dll
0x00007ff8b72c0000 - 0x00007ff8b72e7000 	C:\WINDOWS\System32\win32u.dll
0x00007ff8b8560000 - 0x00007ff8b8609000 	C:\WINDOWS\System32\msvcrt.dll
0x00007ff8b8c90000 - 0x00007ff8b8cbb000 	C:\WINDOWS\System32\GDI32.dll
0x00007ff8b68b0000 - 0x00007ff8b69dd000 	C:\WINDOWS\System32\gdi32full.dll
0x00007ff8b69e0000 - 0x00007ff8b6a83000 	C:\WINDOWS\System32\msvcp_win.dll
0x00007ff8b8a00000 - 0x00007ff8b8a2f000 	C:\WINDOWS\System32\IMM32.DLL
0x00007ff8b15b0000 - 0x00007ff8b15bc000 	C:\Program Files\Java\jdk-23\bin\vcruntime140_1.dll
0x00007ff895950000 - 0x00007ff8959de000 	C:\Program Files\Java\jdk-23\bin\msvcp140.dll
0x00007ff83da30000 - 0x00007ff83e77f000 	C:\Program Files\Java\jdk-23\bin\server\jvm.dll
0x00007ff8b7800000 - 0x00007ff8b78b4000 	C:\WINDOWS\System32\ADVAPI32.dll
0x00007ff8b7ca0000 - 0x00007ff8b7d46000 	C:\WINDOWS\System32\sechost.dll
0x00007ff8b78c0000 - 0x00007ff8b79d8000 	C:\WINDOWS\System32\RPCRT4.dll
0x00007ff8b87b0000 - 0x00007ff8b8824000 	C:\WINDOWS\System32\WS2_32.dll
0x00007ff8aa470000 - 0x00007ff8aa4a5000 	C:\WINDOWS\SYSTEM32\WINMM.dll
0x00007ff8aa330000 - 0x00007ff8aa33b000 	C:\WINDOWS\SYSTEM32\VERSION.dll
0x00007ff8b6510000 - 0x00007ff8b656e000 	C:\WINDOWS\SYSTEM32\POWRPROF.dll
0x00007ff8b64f0000 - 0x00007ff8b6504000 	C:\WINDOWS\SYSTEM32\UMPDC.dll
0x00007ff8b5450000 - 0x00007ff8b546b000 	C:\WINDOWS\SYSTEM32\kernel.appcore.dll
0x00007ff8b1030000 - 0x00007ff8b103a000 	C:\Program Files\Java\jdk-23\bin\jimage.dll
0x00007ff8b4030000 - 0x00007ff8b4272000 	C:\WINDOWS\SYSTEM32\DBGHELP.DLL
0x00007ff8b81e0000 - 0x00007ff8b855b000 	C:\WINDOWS\System32\combase.dll
0x00007ff8b79e0000 - 0x00007ff8b7ab7000 	C:\WINDOWS\System32\OLEAUT32.dll
0x00007ff8a03c0000 - 0x00007ff8a03fd000 	C:\WINDOWS\SYSTEM32\dbgcore.DLL
0x00007ff8b6fe0000 - 0x00007ff8b7079000 	C:\WINDOWS\System32\bcryptPrimitives.dll
0x00007ff8aa920000 - 0x00007ff8aa93e000 	C:\Program Files\Java\jdk-23\bin\java.dll
0x00007ff8b8610000 - 0x00007ff8b87a8000 	C:\WINDOWS\System32\ole32.dll
0x00007ff8b8d40000 - 0x00007ff8b948d000 	C:\WINDOWS\System32\SHELL32.dll
0x00007ff8b6740000 - 0x00007ff8b68ac000 	C:\WINDOWS\System32\wintypes.dll
0x00007ff8b42d0000 - 0x00007ff8b4b29000 	C:\WINDOWS\SYSTEM32\windows.storage.dll
0x00007ff8b8b90000 - 0x00007ff8b8c80000 	C:\WINDOWS\System32\SHCORE.dll
0x00007ff8b7620000 - 0x00007ff8b7682000 	C:\WINDOWS\System32\shlwapi.dll
0x00007ff8b65d0000 - 0x00007ff8b65f9000 	C:\WINDOWS\SYSTEM32\profapi.dll
0x00007ff896090000 - 0x00007ff896167000 	C:\Program Files\Java\jdk-23\bin\jsvml.dll
0x00007ff8aa340000 - 0x00007ff8aa350000 	C:\Program Files\Java\jdk-23\bin\net.dll
0x00007ff8b59b0000 - 0x00007ff8b5a1b000 	C:\WINDOWS\system32\mswsock.dll
0x00007ff8aa190000 - 0x00007ff8aa1a6000 	C:\Program Files\Java\jdk-23\bin\nio.dll
0x00007ff8aa0c0000 - 0x00007ff8aa0d7000 	C:\Program Files\Java\jdk-23\bin\zip.dll
0x00007ff8a9b00000 - 0x00007ff8a9b24000 	C:\Program Files\NetBeans-23\netbeans\java\maven\lib\jansi-native\Windows\x86_64\jansi.dll
0x00007ff8aa130000 - 0x00007ff8aa140000 	C:\Program Files\Java\jdk-23\bin\verify.dll

dbghelp: loaded successfully - version: 4.0.5 - missing functions: none
symbol engine: initialized successfully - sym options: 0x614 - pdb path: .;C:\Program Files\Java\jdk-23\bin;C:\WINDOWS\SYSTEM32;C:\WINDOWS\WinSxS\amd64_microsoft.windows.common-controls_6595b64144ccf1df_6.0.26100.5074_none_3e0d6f78e32fd63f;C:\Program Files\Java\jdk-23\bin\server;C:\Program Files\NetBeans-23\netbeans\java\maven\lib\jansi-native\Windows\x86_64

VM Arguments:
jvm_args: -Dclassworlds.conf=C:\Program Files\NetBeans-23\netbeans\java\maven\bin\m2.conf -Dmaven.home=C:\Program Files\NetBeans-23\netbeans\java\maven -Dlibrary.jansi.path=C:\Program Files\NetBeans-23\netbeans\java\maven\lib\jansi-native -Dmaven.multiModuleProjectDirectory=C:\neatbeans\fdavila-tiendat 
java_command: org.codehaus.plexus.classworlds.launcher.Launcher -Dmaven.ext.class.path=C:\Program Files\NetBeans-23\netbeans\java\maven-nblib\netbeans-eventspy.jar --no-transfer-progress clean install
java_class_path (initial): C:\Program Files\NetBeans-23\netbeans\java\maven\boot\plexus-classworlds-2.8.0.jar
Launcher Type: SUN_STANDARD

[Global flags]
     intx CICompilerCount                          = 4                                         {product} {ergonomic}
     uint ConcGCThreads                            = 2                                         {product} {ergonomic}
     uint G1ConcRefinementThreads                  = 8                                         {product} {ergonomic}
   size_t G1HeapRegionSize                         = 1048576                                   {product} {ergonomic}
   size_t InitialHeapSize                          = 98566144                                  {product} {ergonomic}
   size_t MarkStackSize                            = 4194304                                   {product} {ergonomic}
   size_t MarkStackSizeMax                         = 536870912                                 {product} {ergonomic}
   size_t MaxHeapSize                              = 1564475392                                {product} {ergonomic}
   size_t MaxNewSize                               = 938475520                                 {product} {ergonomic}
   size_t MinHeapDeltaBytes                        = 1048576                                   {product} {ergonomic}
   size_t MinHeapSize                              = 8388608                                   {product} {ergonomic}
    uintx NonNMethodCodeHeapSize                   = 5832704                                {pd product} {ergonomic}
    uintx NonProfiledCodeHeapSize                  = 122945536                              {pd product} {ergonomic}
    uintx ProfiledCodeHeapSize                     = 122880000                              {pd product} {ergonomic}
    uintx ReservedCodeCacheSize                    = 251658240                              {pd product} {ergonomic}
     bool SegmentedCodeCache                       = true                                      {product} {ergonomic}
   size_t SoftMaxHeapSize                          = 1564475392                             {manageable} {ergonomic}
     bool UseCompressedOops                        = true                           {product lp64_product} {ergonomic}
     bool UseG1GC                                  = true                                      {product} {ergonomic}
     bool UseLargePagesIndividualAllocation        = false                                  {pd product} {ergonomic}

Logging:
Log output configuration:
 #0: stdout all=warning uptime,level,tags foldmultilines=false
 #1: stderr all=off uptime,level,tags foldmultilines=false

Environment Variables:
JAVA_HOME=C:\Program Files\Java\jdk-23
PATH=C:\app\50660\product\21c\dbhomeXE\bin;C:\Program Files\Common Files\Oracle\Java\javapath;C:\WINDOWS\system32;C:\WINDOWS;C:\WINDOWS\System32\Wbem;C:\WINDOWS\System32\WindowsPowerShell\v1.0\;C:\WINDOWS\System32\OpenSSH\;C:\Program Files\Git\cmd;C:\Program Files (x86)\Microsoft SQL Server\160\Tools\Binn\;C:\Program Files\Microsoft SQL Server\160\Tools\Binn\;C:\Program Files\Microsoft SQL Server\Client SDK\ODBC\170\Tools\Binn\;C:\Program Files\Microsoft SQL Server\160\DTS\Binn\;C:\Program Files (x86)\Microsoft SQL Server\160\DTS\Binn\;C:\Users\50660\AppData\Local\Microsoft\WindowsApps;C:\Users\50660\AppData\Local\Programs\Microsoft VS Code\bin;C:\Users\50660\AppData\Local\GitHubDesktop\bin;
USERNAME=50660
OS=Windows_NT
PROCESSOR_IDENTIFIER=AMD64 Family 23 Model 160 Stepping 0, AuthenticAMD
TMP=C:\Users\50660\AppData\Local\Temp
TEMP=C:\Users\50660\AppData\Local\Temp




Periodic native trim disabled

---------------  S Y S T E M  ---------------

OS:
 Windows 11 , 64 bit Build 26100 (10.0.26100.5074)
OS uptime: 6 days 1:57 hours
Hyper-V role detected

CPU: total 8 (initial active 8) (8 cores per cpu, 2 threads per core) family 23 model 160 stepping 0 microcode 0x8a00006, cx8, cmov, fxsr, ht, mmx, 3dnowpref, sse, sse2, sse3, ssse3, sse4a, sse4.1, sse4.2, popcnt, lzcnt, tsc, tscinvbit, avx, avx2, aes, clmul, bmi1, bmi2, adx, sha, fma, vzeroupper, clflush, clflushopt, hv, rdtscp, rdpid, f16c
Processor Information for the first 8 processors :
  Max Mhz: 2801, Current Mhz: 2801, Mhz Limit: 2801

Memory: 4k page, system-wide physical 5965M (653M free)
TotalPageFile size 24397M (AvailPageFile size 12M)
current process WorkingSet (physical memory assigned to process): 178M, peak: 181M
current process commit charge ("private bytes"): 243M, peak: 244M

vm_info: Java HotSpot(TM) 64-Bit Server VM (23+37-2369) for windows-amd64 JRE (23+37-2369), built on 2024-08-20T16:01:23Z with MS VC++ 17.6 (VS2022)

END.
