#
# There is insufficient memory for the Java Runtime Environment to continue.
# Native memory allocation (malloc) failed to allocate 1072208 bytes. Error detail: Chunk::new
# Possible reasons:
#   The system is out of physical RAM or swap space
#   This process is running with CompressedOops enabled, and the Java Heap may be blocking the growth of the native heap
# Possible solutions:
#   Reduce memory load on the system
#   Increase physical memory or swap space
#   Check if swap backing store is full
#   Decrease Java heap size (-Xmx/-Xms)
#   Decrease number of Java threads
#   Decrease Java thread stack sizes (-Xss)
#   Set larger code cache with -XX:ReservedCodeCacheSize=
#   JVM is running with Unscaled Compressed Oops mode in which the Java heap is
#     placed in the first 4GB address space. The Java Heap base address is the
#     maximum limit for the native heap growth. Please use -XX:HeapBaseMinAddress
#     to set the Java Heap base and to place the Java Heap above 4GB virtual address.
# This output file may be truncated or incomplete.
#
#  Out of Memory Error (arena.cpp:149), pid=16416, tid=22816
#
# JRE version: Java(TM) SE Runtime Environment (23.0+37) (build 23+37-2369)
# Java VM: Java HotSpot(TM) 64-Bit Server VM (23+37-2369, mixed mode, sharing, tiered, compressed oops, compressed class ptrs, g1 gc, windows-amd64)
# No core dump will be written. Minidumps are not enabled by default on client versions of Windows
#

---------------  S U M M A R Y ------------

Command Line: -Dclassworlds.conf=C:\Program Files\NetBeans-23\netbeans\java\maven\bin\m2.conf -Dmaven.home=C:\Program Files\NetBeans-23\netbeans\java\maven -Dlibrary.jansi.path=C:\Program Files\NetBeans-23\netbeans\java\maven\lib\jansi-native -Dmaven.multiModuleProjectDirectory=C:\neatbeans\fdavila-tiendat org.codehaus.plexus.classworlds.launcher.Launcher -Dexec.vmArgs= -Dexec.args=${exec.vmArgs} -classpath %classpath ${exec.mainClass} ${exec.appArgs} -Dexec.appArgs= -Dexec.mainClass=com.tiendat.TiendatApplication -Dexec.executable=C:\Program Files\Java\jdk-23\bin\java.exe -Dmaven.ext.class.path=C:\Program Files\NetBeans-23\netbeans\java\maven-nblib\netbeans-eventspy.jar --no-transfer-progress process-classes org.codehaus.mojo:exec-maven-plugin:3.1.0:exec

Host: AMD Ryzen 5 7520U with Radeon Graphics         , 8 cores, 5G,  Windows 11 , 64 bit Build 26100 (10.0.26100.5074)
Time: Wed Oct 15 20:05:23 2025 Hora estándar, América Central elapsed time: 9.684326 seconds (0d 0h 0m 9s)

---------------  T H R E A D  ---------------

Current thread (0x000001cedd986370):  JavaThread "C2 CompilerThread0" daemon [_thread_in_native, id=22816, stack(0x00000026b1e00000,0x00000026b1f00000) (1024K)]


Current CompileTask:
C2:9684 4032       4       org.codehaus.plexus.util.xml.Xpp3Dom::<init> (125 bytes)

Stack: [0x00000026b1e00000,0x00000026b1f00000]
Native frames: (J=compiled Java code, j=interpreted, Vv=VM code, C=native code)
V  [jvm.dll+0x6e08a9]  (no source info available)
V  [jvm.dll+0x87da63]  (no source info available)
V  [jvm.dll+0x87feee]  (no source info available)
V  [jvm.dll+0x8805c3]  (no source info available)
V  [jvm.dll+0x27aee6]  (no source info available)
V  [jvm.dll+0xbc06f]  (no source info available)
V  [jvm.dll+0xbc2cb]  (no source info available)
V  [jvm.dll+0x3b3a9c]  (no source info available)
V  [jvm.dll+0x38a42b]  (no source info available)
V  [jvm.dll+0x38989a]  (no source info available)
V  [jvm.dll+0x244aa1]  (no source info available)
V  [jvm.dll+0x243dff]  (no source info available)
V  [jvm.dll+0x1c33a0]  (no source info available)
V  [jvm.dll+0x253cf1]  (no source info available)
V  [jvm.dll+0x251faa]  (no source info available)
V  [jvm.dll+0x3ee036]  (no source info available)
V  [jvm.dll+0x824f1b]  (no source info available)
V  [jvm.dll+0x6df055]  (no source info available)
C  [ucrtbase.dll+0x37b0]  (no source info available)
C  [KERNEL32.DLL+0x2e8d7]  (no source info available)
C  [ntdll.dll+0x8d9c]  (no source info available)

Lock stack of current Java thread (top to bottom):


---------------  P R O C E S S  ---------------

Threads class SMR info:
_java_thread_list=0x000001cf23f266f0, length=12, elements={
0x000001cebf414f90, 0x000001cedd978480, 0x000001cedd97ba20, 0x000001cedd97fed0,
0x000001cedd980540, 0x000001cedd984bc0, 0x000001cedd985230, 0x000001cedd986370,
0x000001cedd98a270, 0x000001ceddad7720, 0x000001ceddae8df0, 0x000001cf23eae3b0
}

Java Threads: ( => current thread )
  0x000001cebf414f90 JavaThread "main"                              [_thread_in_native, id=27544, stack(0x00000026b1000000,0x00000026b1100000) (1024K)]
  0x000001cedd978480 JavaThread "Reference Handler"          daemon [_thread_blocked, id=22884, stack(0x00000026b1800000,0x00000026b1900000) (1024K)]
  0x000001cedd97ba20 JavaThread "Finalizer"                  daemon [_thread_blocked, id=20312, stack(0x00000026b1900000,0x00000026b1a00000) (1024K)]
  0x000001cedd97fed0 JavaThread "Signal Dispatcher"          daemon [_thread_blocked, id=5172, stack(0x00000026b1a00000,0x00000026b1b00000) (1024K)]
  0x000001cedd980540 JavaThread "Attach Listener"            daemon [_thread_blocked, id=7580, stack(0x00000026b1b00000,0x00000026b1c00000) (1024K)]
  0x000001cedd984bc0 JavaThread "Service Thread"             daemon [_thread_blocked, id=4968, stack(0x00000026b1c00000,0x00000026b1d00000) (1024K)]
  0x000001cedd985230 JavaThread "Monitor Deflation Thread"   daemon [_thread_blocked, id=6328, stack(0x00000026b1d00000,0x00000026b1e00000) (1024K)]
=>0x000001cedd986370 JavaThread "C2 CompilerThread0"         daemon [_thread_in_native, id=22816, stack(0x00000026b1e00000,0x00000026b1f00000) (1024K)]
  0x000001cedd98a270 JavaThread "C1 CompilerThread0"         daemon [_thread_blocked, id=14396, stack(0x00000026b1f00000,0x00000026b2000000) (1024K)]
  0x000001ceddad7720 JavaThread "Notification Thread"        daemon [_thread_blocked, id=28328, stack(0x00000026b2000000,0x00000026b2100000) (1024K)]
  0x000001ceddae8df0 JavaThread "Common-Cleaner"             daemon [_thread_blocked, id=3160, stack(0x00000026b2100000,0x00000026b2200000) (1024K)]
  0x000001cf23eae3b0 JavaThread "C2 CompilerThread1"         daemon [_thread_in_native, id=17732, stack(0x00000026b2200000,0x00000026b2300000) (1024K)]
Total: 12

Other Threads:
  0x000001cedd95dfe0 VMThread "VM Thread"                           [id=29828, stack(0x00000026b1700000,0x00000026b1800000) (1024K)]
  0x000001cedd94c030 WatcherThread "VM Periodic Task Thread"        [id=12800, stack(0x00000026b1600000,0x00000026b1700000) (1024K)]
  0x000001cec1835b80 WorkerThread "GC Thread#0"                     [id=7764, stack(0x00000026b1100000,0x00000026b1200000) (1024K)]
  0x000001cf2389f5c0 WorkerThread "GC Thread#1"                     [id=26592, stack(0x00000026b2300000,0x00000026b2400000) (1024K)]
  0x000001cf23b79c20 WorkerThread "GC Thread#2"                     [id=3788, stack(0x00000026b2400000,0x00000026b2500000) (1024K)]
  0x000001cf239fcd10 WorkerThread "GC Thread#3"                     [id=26968, stack(0x00000026b2500000,0x00000026b2600000) (1024K)]
  0x000001cf23bd3eb0 WorkerThread "GC Thread#4"                     [id=23784, stack(0x00000026b2600000,0x00000026b2700000) (1024K)]
  0x000001cf23bd4660 WorkerThread "GC Thread#5"                     [id=11720, stack(0x00000026b2700000,0x00000026b2800000) (1024K)]
  0x000001cf23bd4a10 WorkerThread "GC Thread#6"                     [id=7008, stack(0x00000026b2800000,0x00000026b2900000) (1024K)]
  0x000001cf23bd4dc0 WorkerThread "GC Thread#7"                     [id=28144, stack(0x00000026b2900000,0x00000026b2a00000) (1024K)]
  0x000001cec18454a0 ConcurrentGCThread "G1 Main Marker"            [id=4388, stack(0x00000026b1200000,0x00000026b1300000) (1024K)]
  0x000001cec1847bf0 WorkerThread "G1 Conc#0"                       [id=25484, stack(0x00000026b1300000,0x00000026b1400000) (1024K)]
  0x000001cec18add80 ConcurrentGCThread "G1 Refine#0"               [id=30172, stack(0x00000026b1400000,0x00000026b1500000) (1024K)]
  0x000001cec18ae2c0 ConcurrentGCThread "G1 Service"                [id=12508, stack(0x00000026b1500000,0x00000026b1600000) (1024K)]
Total: 14

Threads with active compile tasks:
C2 CompilerThread0  10812 4032       4       org.codehaus.plexus.util.xml.Xpp3Dom::<init> (125 bytes)
C2 CompilerThread1  10813 4193       4       org.eclipse.sisu.inject.LocatedBeans$Itr::hasNext (169 bytes)
Total: 2

VM state: not at safepoint (normal execution)

VM Mutex/Monitor currently owned by a thread: None

Heap address: 0x00000000a2c00000, size: 1492 MB, Compressed Oops mode: 32-bit

CDS archive(s) mapped at: [0x000001cede000000-0x000001ceded70000-0x000001ceded70000), size 14090240, SharedBaseAddress: 0x000001cede000000, ArchiveRelocationMode: 1.
Compressed class space mapped at: 0x000001cedf000000-0x000001cf1f000000, reserved size: 1073741824
Narrow klass base: 0x000001cede000000, Narrow klass shift: 0, Narrow klass range: 0x41000000

GC Precious Log:
 CardTable entry size: 512
 Card Set container configuration: InlinePtr #cards 5 size 8 Array Of Cards #cards 10 size 36 Howl #buckets 4 coarsen threshold 1843 Howl Bitmap #cards 512 size 80 coarsen threshold 460 Card regions per heap region 1 cards per card region 2048
 CPUs: 8 total, 8 available
 Memory: 5965M
 Large Page Support: Disabled
 NUMA Support: Disabled
 Compressed Oops: Enabled (32-bit)
 Heap Region Size: 1M
 Heap Min Capacity: 8M
 Heap Initial Capacity: 94M
 Heap Max Capacity: 1492M
 Pre-touch: Disabled
 Parallel Workers: 8
 Concurrent Workers: 2
 Concurrent Refinement Workers: 8
 Periodic GC: Disabled

Heap:
 garbage-first heap   total reserved 1527808K, committed 96256K, used 42951K [0x00000000a2c00000, 0x0000000100000000)
  region size 1024K, 39 young (39936K), 6 survivors (6144K)
 Metaspace       used 16124K, committed 16384K, reserved 1114112K
  class space    used 1955K, committed 2048K, reserved 1048576K

Heap Regions: E=young(eden), S=young(survivor), O=old, HS=humongous(starts), HC=humongous(continues), CS=collection set, F=free, TAMS=top-at-mark-start, PB=parsable bottom
|   0|0x00000000a2c00000, 0x00000000a2d00000, 0x00000000a2d00000|100%| O|  |TAMS 0x00000000a2c00000| PB 0x00000000a2c00000| Untracked |  0
|   1|0x00000000a2d00000, 0x00000000a2e00000, 0x00000000a2e00000|100%| O|  |TAMS 0x00000000a2d00000| PB 0x00000000a2d00000| Untracked |  0
|   2|0x00000000a2e00000, 0x00000000a2f00000, 0x00000000a2f00000|100%| O|  |TAMS 0x00000000a2e00000| PB 0x00000000a2e00000| Untracked |  0
|   3|0x00000000a2f00000, 0x00000000a2ff1d00, 0x00000000a3000000| 94%| O|  |TAMS 0x00000000a2f00000| PB 0x00000000a2f00000| Untracked |  0
|   4|0x00000000a3000000, 0x00000000a3000000, 0x00000000a3100000|  0%| F|  |TAMS 0x00000000a3000000| PB 0x00000000a3000000| Untracked |  0
|   5|0x00000000a3100000, 0x00000000a3100000, 0x00000000a3200000|  0%| F|  |TAMS 0x00000000a3100000| PB 0x00000000a3100000| Untracked |  0
|   6|0x00000000a3200000, 0x00000000a3200000, 0x00000000a3300000|  0%| F|  |TAMS 0x00000000a3200000| PB 0x00000000a3200000| Untracked |  0
|   7|0x00000000a3300000, 0x00000000a3300000, 0x00000000a3400000|  0%| F|  |TAMS 0x00000000a3300000| PB 0x00000000a3300000| Untracked |  0
|   8|0x00000000a3400000, 0x00000000a3400000, 0x00000000a3500000|  0%| F|  |TAMS 0x00000000a3400000| PB 0x00000000a3400000| Untracked |  0
|   9|0x00000000a3500000, 0x00000000a3500000, 0x00000000a3600000|  0%| F|  |TAMS 0x00000000a3500000| PB 0x00000000a3500000| Untracked |  0
|  10|0x00000000a3600000, 0x00000000a3600000, 0x00000000a3700000|  0%| F|  |TAMS 0x00000000a3600000| PB 0x00000000a3600000| Untracked |  0
|  11|0x00000000a3700000, 0x00000000a3700000, 0x00000000a3800000|  0%| F|  |TAMS 0x00000000a3700000| PB 0x00000000a3700000| Untracked |  0
|  12|0x00000000a3800000, 0x00000000a3800000, 0x00000000a3900000|  0%| F|  |TAMS 0x00000000a3800000| PB 0x00000000a3800000| Untracked |  0
|  13|0x00000000a3900000, 0x00000000a3900000, 0x00000000a3a00000|  0%| F|  |TAMS 0x00000000a3900000| PB 0x00000000a3900000| Untracked |  0
|  14|0x00000000a3a00000, 0x00000000a3a00000, 0x00000000a3b00000|  0%| F|  |TAMS 0x00000000a3a00000| PB 0x00000000a3a00000| Untracked |  0
|  15|0x00000000a3b00000, 0x00000000a3b00000, 0x00000000a3c00000|  0%| F|  |TAMS 0x00000000a3b00000| PB 0x00000000a3b00000| Untracked |  0
|  16|0x00000000a3c00000, 0x00000000a3c00000, 0x00000000a3d00000|  0%| F|  |TAMS 0x00000000a3c00000| PB 0x00000000a3c00000| Untracked |  0
|  17|0x00000000a3d00000, 0x00000000a3d00000, 0x00000000a3e00000|  0%| F|  |TAMS 0x00000000a3d00000| PB 0x00000000a3d00000| Untracked |  0
|  18|0x00000000a3e00000, 0x00000000a3e00000, 0x00000000a3f00000|  0%| F|  |TAMS 0x00000000a3e00000| PB 0x00000000a3e00000| Untracked |  0
|  19|0x00000000a3f00000, 0x00000000a3f00000, 0x00000000a4000000|  0%| F|  |TAMS 0x00000000a3f00000| PB 0x00000000a3f00000| Untracked |  0
|  20|0x00000000a4000000, 0x00000000a4000000, 0x00000000a4100000|  0%| F|  |TAMS 0x00000000a4000000| PB 0x00000000a4000000| Untracked |  0
|  21|0x00000000a4100000, 0x00000000a4100000, 0x00000000a4200000|  0%| F|  |TAMS 0x00000000a4100000| PB 0x00000000a4100000| Untracked |  0
|  22|0x00000000a4200000, 0x00000000a4200000, 0x00000000a4300000|  0%| F|  |TAMS 0x00000000a4200000| PB 0x00000000a4200000| Untracked |  0
|  23|0x00000000a4300000, 0x00000000a4300000, 0x00000000a4400000|  0%| F|  |TAMS 0x00000000a4300000| PB 0x00000000a4300000| Untracked |  0
|  24|0x00000000a4400000, 0x00000000a4400000, 0x00000000a4500000|  0%| F|  |TAMS 0x00000000a4400000| PB 0x00000000a4400000| Untracked |  0
|  25|0x00000000a4500000, 0x00000000a4500000, 0x00000000a4600000|  0%| F|  |TAMS 0x00000000a4500000| PB 0x00000000a4500000| Untracked |  0
|  26|0x00000000a4600000, 0x00000000a4600000, 0x00000000a4700000|  0%| F|  |TAMS 0x00000000a4600000| PB 0x00000000a4600000| Untracked |  0
|  27|0x00000000a4700000, 0x00000000a4700000, 0x00000000a4800000|  0%| F|  |TAMS 0x00000000a4700000| PB 0x00000000a4700000| Untracked |  0
|  28|0x00000000a4800000, 0x00000000a4800000, 0x00000000a4900000|  0%| F|  |TAMS 0x00000000a4800000| PB 0x00000000a4800000| Untracked |  0
|  29|0x00000000a4900000, 0x00000000a4900000, 0x00000000a4a00000|  0%| F|  |TAMS 0x00000000a4900000| PB 0x00000000a4900000| Untracked |  0
|  30|0x00000000a4a00000, 0x00000000a4a00000, 0x00000000a4b00000|  0%| F|  |TAMS 0x00000000a4a00000| PB 0x00000000a4a00000| Untracked |  0
|  31|0x00000000a4b00000, 0x00000000a4b00000, 0x00000000a4c00000|  0%| F|  |TAMS 0x00000000a4b00000| PB 0x00000000a4b00000| Untracked |  0
|  32|0x00000000a4c00000, 0x00000000a4c00000, 0x00000000a4d00000|  0%| F|  |TAMS 0x00000000a4c00000| PB 0x00000000a4c00000| Untracked |  0
|  33|0x00000000a4d00000, 0x00000000a4d00000, 0x00000000a4e00000|  0%| F|  |TAMS 0x00000000a4d00000| PB 0x00000000a4d00000| Untracked |  0
|  34|0x00000000a4e00000, 0x00000000a4e00000, 0x00000000a4f00000|  0%| F|  |TAMS 0x00000000a4e00000| PB 0x00000000a4e00000| Untracked |  0
|  35|0x00000000a4f00000, 0x00000000a4f00000, 0x00000000a5000000|  0%| F|  |TAMS 0x00000000a4f00000| PB 0x00000000a4f00000| Untracked |  0
|  36|0x00000000a5000000, 0x00000000a5000000, 0x00000000a5100000|  0%| F|  |TAMS 0x00000000a5000000| PB 0x00000000a5000000| Untracked |  0
|  37|0x00000000a5100000, 0x00000000a5100000, 0x00000000a5200000|  0%| F|  |TAMS 0x00000000a5100000| PB 0x00000000a5100000| Untracked |  0
|  38|0x00000000a5200000, 0x00000000a5200000, 0x00000000a5300000|  0%| F|  |TAMS 0x00000000a5200000| PB 0x00000000a5200000| Untracked |  0
|  39|0x00000000a5300000, 0x00000000a5300000, 0x00000000a5400000|  0%| F|  |TAMS 0x00000000a5300000| PB 0x00000000a5300000| Untracked |  0
|  40|0x00000000a5400000, 0x00000000a5500000, 0x00000000a5500000|100%| S|CS|TAMS 0x00000000a5400000| PB 0x00000000a5400000| Complete |  0
|  41|0x00000000a5500000, 0x00000000a5600000, 0x00000000a5600000|100%| S|CS|TAMS 0x00000000a5500000| PB 0x00000000a5500000| Complete |  0
|  42|0x00000000a5600000, 0x00000000a5700000, 0x00000000a5700000|100%| S|CS|TAMS 0x00000000a5600000| PB 0x00000000a5600000| Complete |  0
|  43|0x00000000a5700000, 0x00000000a5800000, 0x00000000a5800000|100%| S|CS|TAMS 0x00000000a5700000| PB 0x00000000a5700000| Complete |  0
|  44|0x00000000a5800000, 0x00000000a5900000, 0x00000000a5900000|100%| S|CS|TAMS 0x00000000a5800000| PB 0x00000000a5800000| Complete |  0
|  45|0x00000000a5900000, 0x00000000a5a00000, 0x00000000a5a00000|100%| S|CS|TAMS 0x00000000a5900000| PB 0x00000000a5900000| Complete |  0
|  46|0x00000000a5a00000, 0x00000000a5a00000, 0x00000000a5b00000|  0%| F|  |TAMS 0x00000000a5a00000| PB 0x00000000a5a00000| Untracked |  0
|  47|0x00000000a5b00000, 0x00000000a5b00000, 0x00000000a5c00000|  0%| F|  |TAMS 0x00000000a5b00000| PB 0x00000000a5b00000| Untracked |  0
|  48|0x00000000a5c00000, 0x00000000a5c00000, 0x00000000a5d00000|  0%| F|  |TAMS 0x00000000a5c00000| PB 0x00000000a5c00000| Untracked |  0
|  49|0x00000000a5d00000, 0x00000000a5d00000, 0x00000000a5e00000|  0%| F|  |TAMS 0x00000000a5d00000| PB 0x00000000a5d00000| Untracked |  0
|  50|0x00000000a5e00000, 0x00000000a5e00000, 0x00000000a5f00000|  0%| F|  |TAMS 0x00000000a5e00000| PB 0x00000000a5e00000| Untracked |  0
|  51|0x00000000a5f00000, 0x00000000a5f00000, 0x00000000a6000000|  0%| F|  |TAMS 0x00000000a5f00000| PB 0x00000000a5f00000| Untracked |  0
|  52|0x00000000a6000000, 0x00000000a6000000, 0x00000000a6100000|  0%| F|  |TAMS 0x00000000a6000000| PB 0x00000000a6000000| Untracked |  0
|  53|0x00000000a6100000, 0x00000000a6100000, 0x00000000a6200000|  0%| F|  |TAMS 0x00000000a6100000| PB 0x00000000a6100000| Untracked |  0
|  54|0x00000000a6200000, 0x00000000a6200000, 0x00000000a6300000|  0%| F|  |TAMS 0x00000000a6200000| PB 0x00000000a6200000| Untracked |  0
|  55|0x00000000a6300000, 0x00000000a6300000, 0x00000000a6400000|  0%| F|  |TAMS 0x00000000a6300000| PB 0x00000000a6300000| Untracked |  0
|  56|0x00000000a6400000, 0x00000000a6400000, 0x00000000a6500000|  0%| F|  |TAMS 0x00000000a6400000| PB 0x00000000a6400000| Untracked |  0
|  57|0x00000000a6500000, 0x00000000a6500000, 0x00000000a6600000|  0%| F|  |TAMS 0x00000000a6500000| PB 0x00000000a6500000| Untracked |  0
|  58|0x00000000a6600000, 0x00000000a6600000, 0x00000000a6700000|  0%| F|  |TAMS 0x00000000a6600000| PB 0x00000000a6600000| Untracked |  0
|  59|0x00000000a6700000, 0x00000000a6700000, 0x00000000a6800000|  0%| F|  |TAMS 0x00000000a6700000| PB 0x00000000a6700000| Untracked |  0
|  60|0x00000000a6800000, 0x00000000a6800000, 0x00000000a6900000|  0%| F|  |TAMS 0x00000000a6800000| PB 0x00000000a6800000| Untracked |  0
|  61|0x00000000a6900000, 0x00000000a6980000, 0x00000000a6a00000| 50%| E|  |TAMS 0x00000000a6900000| PB 0x00000000a6900000| Complete |  0
|  62|0x00000000a6a00000, 0x00000000a6b00000, 0x00000000a6b00000|100%| E|CS|TAMS 0x00000000a6a00000| PB 0x00000000a6a00000| Complete |  0
|  63|0x00000000a6b00000, 0x00000000a6c00000, 0x00000000a6c00000|100%| E|CS|TAMS 0x00000000a6b00000| PB 0x00000000a6b00000| Complete |  0
|  64|0x00000000a6c00000, 0x00000000a6d00000, 0x00000000a6d00000|100%| E|CS|TAMS 0x00000000a6c00000| PB 0x00000000a6c00000| Complete |  0
|  65|0x00000000a6d00000, 0x00000000a6e00000, 0x00000000a6e00000|100%| E|CS|TAMS 0x00000000a6d00000| PB 0x00000000a6d00000| Complete |  0
|  66|0x00000000a6e00000, 0x00000000a6f00000, 0x00000000a6f00000|100%| E|CS|TAMS 0x00000000a6e00000| PB 0x00000000a6e00000| Complete |  0
|  67|0x00000000a6f00000, 0x00000000a7000000, 0x00000000a7000000|100%| E|CS|TAMS 0x00000000a6f00000| PB 0x00000000a6f00000| Complete |  0
|  68|0x00000000a7000000, 0x00000000a7100000, 0x00000000a7100000|100%| E|CS|TAMS 0x00000000a7000000| PB 0x00000000a7000000| Complete |  0
|  69|0x00000000a7100000, 0x00000000a7200000, 0x00000000a7200000|100%| E|CS|TAMS 0x00000000a7100000| PB 0x00000000a7100000| Complete |  0
|  70|0x00000000a7200000, 0x00000000a7300000, 0x00000000a7300000|100%| E|CS|TAMS 0x00000000a7200000| PB 0x00000000a7200000| Complete |  0
|  71|0x00000000a7300000, 0x00000000a7400000, 0x00000000a7400000|100%| E|CS|TAMS 0x00000000a7300000| PB 0x00000000a7300000| Complete |  0
|  72|0x00000000a7400000, 0x00000000a7500000, 0x00000000a7500000|100%| E|CS|TAMS 0x00000000a7400000| PB 0x00000000a7400000| Complete |  0
|  73|0x00000000a7500000, 0x00000000a7600000, 0x00000000a7600000|100%| E|CS|TAMS 0x00000000a7500000| PB 0x00000000a7500000| Complete |  0
|  74|0x00000000a7600000, 0x00000000a7700000, 0x00000000a7700000|100%| E|CS|TAMS 0x00000000a7600000| PB 0x00000000a7600000| Complete |  0
|  75|0x00000000a7700000, 0x00000000a7800000, 0x00000000a7800000|100%| E|CS|TAMS 0x00000000a7700000| PB 0x00000000a7700000| Complete |  0
|  76|0x00000000a7800000, 0x00000000a7900000, 0x00000000a7900000|100%| E|CS|TAMS 0x00000000a7800000| PB 0x00000000a7800000| Complete |  0
|  77|0x00000000a7900000, 0x00000000a7a00000, 0x00000000a7a00000|100%| E|CS|TAMS 0x00000000a7900000| PB 0x00000000a7900000| Complete |  0
|  78|0x00000000a7a00000, 0x00000000a7b00000, 0x00000000a7b00000|100%| E|CS|TAMS 0x00000000a7a00000| PB 0x00000000a7a00000| Complete |  0
|  79|0x00000000a7b00000, 0x00000000a7c00000, 0x00000000a7c00000|100%| E|CS|TAMS 0x00000000a7b00000| PB 0x00000000a7b00000| Complete |  0
|  80|0x00000000a7c00000, 0x00000000a7d00000, 0x00000000a7d00000|100%| E|CS|TAMS 0x00000000a7c00000| PB 0x00000000a7c00000| Complete |  0
|  81|0x00000000a7d00000, 0x00000000a7e00000, 0x00000000a7e00000|100%| E|CS|TAMS 0x00000000a7d00000| PB 0x00000000a7d00000| Complete |  0
|  82|0x00000000a7e00000, 0x00000000a7f00000, 0x00000000a7f00000|100%| E|CS|TAMS 0x00000000a7e00000| PB 0x00000000a7e00000| Complete |  0
|  83|0x00000000a7f00000, 0x00000000a8000000, 0x00000000a8000000|100%| E|CS|TAMS 0x00000000a7f00000| PB 0x00000000a7f00000| Complete |  0
|  84|0x00000000a8000000, 0x00000000a8100000, 0x00000000a8100000|100%| E|CS|TAMS 0x00000000a8000000| PB 0x00000000a8000000| Complete |  0
|  85|0x00000000a8100000, 0x00000000a8200000, 0x00000000a8200000|100%| E|CS|TAMS 0x00000000a8100000| PB 0x00000000a8100000| Complete |  0
|  86|0x00000000a8200000, 0x00000000a8300000, 0x00000000a8300000|100%| E|CS|TAMS 0x00000000a8200000| PB 0x00000000a8200000| Complete |  0
|  87|0x00000000a8300000, 0x00000000a8400000, 0x00000000a8400000|100%| E|CS|TAMS 0x00000000a8300000| PB 0x00000000a8300000| Complete |  0
|  88|0x00000000a8400000, 0x00000000a8500000, 0x00000000a8500000|100%| E|CS|TAMS 0x00000000a8400000| PB 0x00000000a8400000| Complete |  0
|  89|0x00000000a8500000, 0x00000000a8600000, 0x00000000a8600000|100%| E|CS|TAMS 0x00000000a8500000| PB 0x00000000a8500000| Complete |  0
|  90|0x00000000a8600000, 0x00000000a8700000, 0x00000000a8700000|100%| E|CS|TAMS 0x00000000a8600000| PB 0x00000000a8600000| Complete |  0
|  91|0x00000000a8700000, 0x00000000a8800000, 0x00000000a8800000|100%| E|CS|TAMS 0x00000000a8700000| PB 0x00000000a8700000| Complete |  0
|  92|0x00000000a8800000, 0x00000000a8900000, 0x00000000a8900000|100%| E|CS|TAMS 0x00000000a8800000| PB 0x00000000a8800000| Complete |  0
|  93|0x00000000a8900000, 0x00000000a8a00000, 0x00000000a8a00000|100%| E|CS|TAMS 0x00000000a8900000| PB 0x00000000a8900000| Complete |  0

Card table byte_map: [0x000001ced9540000,0x000001ced9830000] _byte_map_base: 0x000001ced902a000

Marking Bits: (CMBitMap*) 0x000001cec18361a0
 Bits: [0x000001ced9830000, 0x000001cedaf80000)

Polling page: 0x000001cec0fb0000

Metaspace:

Usage:
  Non-class:     13.84 MB used.
      Class:      1.91 MB used.
       Both:     15.75 MB used.

Virtual space:
  Non-class space:       64.00 MB reserved,      14.00 MB ( 22%) committed,  1 nodes.
      Class space:        1.00 GB reserved,       2.00 MB ( <1%) committed,  1 nodes.
             Both:        1.06 GB reserved,      16.00 MB (  1%) committed. 

Chunk freelists:
   Non-Class:  1.95 MB
       Class:  13.88 MB
        Both:  15.83 MB

MaxMetaspaceSize: unlimited
CompressedClassSpaceSize: 1.00 GB
Initial GC threshold: 21.00 MB
Current GC threshold: 21.00 MB
CDS: on
 - commit_granule_bytes: 65536.
 - commit_granule_words: 8192.
 - virtual_space_node_default_size: 8388608.
 - enlarge_chunks_in_place: 1.
 - use_allocation_guard: 0.


Internal statistics:

num_allocs_failed_limit: 0.
num_arena_births: 170.
num_arena_deaths: 0.
num_vsnodes_births: 2.
num_vsnodes_deaths: 0.
num_space_committed: 256.
num_space_uncommitted: 0.
num_chunks_returned_to_freelist: 0.
num_chunks_taken_from_freelist: 705.
num_chunk_merges: 0.
num_chunk_splits: 481.
num_chunks_enlarged: 398.
num_inconsistent_stats: 0.

CodeHeap 'non-profiled nmethods': size=120064Kb used=1519Kb max_used=1519Kb free=118544Kb
 bounds [0x000001ced19e0000, 0x000001ced1c50000, 0x000001ced8f20000]
CodeHeap 'profiled nmethods': size=120000Kb used=6342Kb max_used=6342Kb free=113657Kb
 bounds [0x000001cec9f20000, 0x000001ceca560000, 0x000001ced1450000]
CodeHeap 'non-nmethods': size=5696Kb used=1402Kb max_used=1434Kb free=4293Kb
 bounds [0x000001ced1450000, 0x000001ced16c0000, 0x000001ced19e0000]
CodeCache: size=245760Kb, used=9263Kb, max_used=9295Kb, free=236494Kb
 total_blobs=4771, nmethods=4268, adapters=407, full_count=0
Compilation: enabled, stopped_count=0, restarted_count=0

Compilation events (20 events):
Event: 8.654 Thread 0x000001cedd98a270 4117       3       java.util.ArrayList::checkForComodification (17 bytes)
Event: 8.654 Thread 0x000001cedd98a270 nmethod 4117 0x000001ceca528308 code [0x000001ceca528440, 0x000001ceca528658]
Event: 8.658 Thread 0x000001cedd98a270 4118       3       org.apache.maven.model.io.xpp3.MavenXpp3Reader::parsePlugin (519 bytes)
Event: 8.660 Thread 0x000001cedd98a270 nmethod 4118 0x000001ceca528688 code [0x000001ceca528d00, 0x000001ceca52c188]
Event: 8.661 Thread 0x000001cedd98a270 4119       3       java.util.regex.Pattern::accept (43 bytes)
Event: 8.661 Thread 0x000001cedd98a270 nmethod 4119 0x000001ceca52c388 code [0x000001ceca52c4e0, 0x000001ceca52c7c8]
Event: 8.661 Thread 0x000001cedd98a270 4120       1       org.apache.maven.model.ModelBase::setPluginRepositories (6 bytes)
Event: 8.661 Thread 0x000001cedd98a270 nmethod 4120 0x000001ced1b48388 code [0x000001ced1b484a0, 0x000001ced1b485b0]
Event: 8.661 Thread 0x000001cedd98a270 4121       1       org.apache.maven.model.Model::getPomFile (5 bytes)
Event: 8.661 Thread 0x000001cedd98a270 nmethod 4121 0x000001ced1b48688 code [0x000001ced1b487a0, 0x000001ced1b48870]
Event: 8.661 Thread 0x000001cedd98a270 4122       1       org.eclipse.aether.graph.DefaultDependencyNode::getArtifact (5 bytes)
Event: 8.661 Thread 0x000001cedd98a270 nmethod 4122 0x000001ced1b48988 code [0x000001ced1b48aa0, 0x000001ced1b48b68]
Event: 8.663 Thread 0x000001cedd98a270 4123       3       org.apache.maven.model.PluginExecution::<init> (16 bytes)
Event: 8.664 Thread 0x000001cedd98a270 nmethod 4123 0x000001ceca52c808 code [0x000001ceca52c940, 0x000001ceca52cb80]
Event: 8.665 Thread 0x000001cedd98a270 4124       3       java.util.HashSet::iterator (13 bytes)
Event: 8.665 Thread 0x000001cedd98a270 nmethod 4124 0x000001ceca52cc08 code [0x000001ceca52cd40, 0x000001ceca52cfd8]
Event: 8.671 Thread 0x000001cedd98a270 4125       3       org.eclipse.sisu.wire.EntryMapAdapter$EntrySet::iterator (10 bytes)
Event: 8.671 Thread 0x000001cedd98a270 nmethod 4125 0x000001ceca52d008 code [0x000001ceca52d120, 0x000001ceca52d2f8]
Event: 9.681 Thread 0x000001cf23eae3b0 nmethod 4091 0x000001ced1b48c88 code [0x000001ced1b49020, 0x000001ced1b4a868]
Event: 9.681 Thread 0x000001cedd98a270 4127       3       java.util.ArrayList::hashCodeRange (68 bytes)

GC Heap History (6 events):
Event: 1.964 GC heap before
{Heap before GC invocations=0 (full 0):
 garbage-first heap   total reserved 1527808K, committed 96256K, used 24576K [0x00000000a2c00000, 0x0000000100000000)
  region size 1024K, 24 young (24576K), 0 survivors (0K)
 Metaspace       used 5934K, committed 6144K, reserved 1114112K
  class space    used 729K, committed 832K, reserved 1048576K
}
Event: 1.975 GC heap after
{Heap after GC invocations=1 (full 0):
 garbage-first heap   total reserved 1527808K, committed 96256K, used 3776K [0x00000000a2c00000, 0x0000000100000000)
  region size 1024K, 3 young (3072K), 3 survivors (3072K)
 Metaspace       used 5934K, committed 6144K, reserved 1114112K
  class space    used 729K, committed 832K, reserved 1048576K
}
Event: 2.812 GC heap before
{Heap before GC invocations=1 (full 0):
 garbage-first heap   total reserved 1527808K, committed 96256K, used 26304K [0x00000000a2c00000, 0x0000000100000000)
  region size 1024K, 25 young (25600K), 3 survivors (3072K)
 Metaspace       used 8396K, committed 8576K, reserved 1114112K
  class space    used 1035K, committed 1152K, reserved 1048576K
}
Event: 2.818 GC heap after
{Heap after GC invocations=2 (full 0):
 garbage-first heap   total reserved 1527808K, committed 96256K, used 4859K [0x00000000a2c00000, 0x0000000100000000)
  region size 1024K, 1 young (1024K), 1 survivors (1024K)
 Metaspace       used 8396K, committed 8576K, reserved 1114112K
  class space    used 1035K, committed 1152K, reserved 1048576K
}
Event: 8.116 GC heap before
{Heap before GC invocations=2 (full 0):
 garbage-first heap   total reserved 1527808K, committed 96256K, used 51963K [0x00000000a2c00000, 0x0000000100000000)
  region size 1024K, 48 young (49152K), 1 survivors (1024K)
 Metaspace       used 15372K, committed 15616K, reserved 1114112K
  class space    used 1887K, committed 1984K, reserved 1048576K
}
Event: 8.130 GC heap after
{Heap after GC invocations=3 (full 0):
 garbage-first heap   total reserved 1527808K, committed 96256K, used 10183K [0x00000000a2c00000, 0x0000000100000000)
  region size 1024K, 6 young (6144K), 6 survivors (6144K)
 Metaspace       used 15372K, committed 15616K, reserved 1114112K
  class space    used 1887K, committed 1984K, reserved 1048576K
}

Dll operation events (8 events):
Event: 0.024 Loaded shared library C:\Program Files\Java\jdk-23\bin\java.dll
Event: 0.085 Loaded shared library C:\Program Files\Java\jdk-23\bin\jsvml.dll
Event: 0.121 Loaded shared library C:\Program Files\Java\jdk-23\bin\net.dll
Event: 0.125 Loaded shared library C:\Program Files\Java\jdk-23\bin\nio.dll
Event: 0.131 Loaded shared library C:\Program Files\Java\jdk-23\bin\zip.dll
Event: 0.413 Loaded shared library C:\Program Files\NetBeans-23\netbeans\java\maven\lib\jansi-native\Windows\x86_64\jansi.dll
Event: 0.440 Loaded shared library C:\Program Files\Java\jdk-23\bin\verify.dll
Event: 0.578 Loaded shared library C:\Program Files\Java\jdk-23\bin\jimage.dll

Deoptimization events (20 events):
Event: 8.538 Thread 0x000001cebf414f90 Uncommon trap: trap_request=0xffffff45 fr.pc=0x000001ced1b12300 relative=0x0000000000000660
Event: 8.538 Thread 0x000001cebf414f90 Uncommon trap: reason=unstable_if action=reinterpret pc=0x000001ced1b12300 method=org.codehaus.plexus.util.xml.pull.MXParser.isValidCodePoint(I)Z @ 15 c2
Event: 8.538 Thread 0x000001cebf414f90 DEOPT PACKING pc=0x000001ced1b12300 sp=0x00000026b10fc950
Event: 8.538 Thread 0x000001cebf414f90 DEOPT UNPACKING pc=0x000001ced14a4402 sp=0x00000026b10fc898 mode 2
Event: 8.538 Thread 0x000001cebf414f90 Uncommon trap: trap_request=0xffffff45 fr.pc=0x000001ced1af3f5c relative=0x000000000000005c
Event: 8.538 Thread 0x000001cebf414f90 Uncommon trap: reason=unstable_if action=reinterpret pc=0x000001ced1af3f5c method=org.codehaus.plexus.util.xml.pull.MXParser.isValidCodePoint(I)Z @ 15 c2
Event: 8.538 Thread 0x000001cebf414f90 DEOPT PACKING pc=0x000001ced1af3f5c sp=0x00000026b10fc900
Event: 8.538 Thread 0x000001cebf414f90 DEOPT UNPACKING pc=0x000001ced14a4402 sp=0x00000026b10fc898 mode 2
Event: 8.539 Thread 0x000001cebf414f90 Uncommon trap: trap_request=0xffffff45 fr.pc=0x000001ced1afc13c relative=0x000000000000047c
Event: 8.539 Thread 0x000001cebf414f90 Uncommon trap: reason=unstable_if action=reinterpret pc=0x000001ced1afc13c method=org.codehaus.plexus.util.xml.pull.MXParser.isValidCodePoint(I)Z @ 15 c2
Event: 8.539 Thread 0x000001cebf414f90 DEOPT PACKING pc=0x000001ced1afc13c sp=0x00000026b10fc8b0
Event: 8.539 Thread 0x000001cebf414f90 DEOPT UNPACKING pc=0x000001ced14a4402 sp=0x00000026b10fc7f8 mode 2
Event: 8.539 Thread 0x000001cebf414f90 Uncommon trap: trap_request=0xffffff45 fr.pc=0x000001ced1ae9ec8 relative=0x0000000000001588
Event: 8.539 Thread 0x000001cebf414f90 Uncommon trap: reason=unstable_if action=reinterpret pc=0x000001ced1ae9ec8 method=org.codehaus.plexus.util.xml.pull.MXParser.nextImpl()I @ 280 c2
Event: 8.539 Thread 0x000001cebf414f90 DEOPT PACKING pc=0x000001ced1ae9ec8 sp=0x00000026b10fc730
Event: 8.539 Thread 0x000001cebf414f90 DEOPT UNPACKING pc=0x000001ced14a4402 sp=0x00000026b10fc6d8 mode 2
Event: 8.649 Thread 0x000001cebf414f90 Uncommon trap: trap_request=0xffffffde fr.pc=0x000001ced1a169a4 relative=0x0000000000000e44
Event: 8.649 Thread 0x000001cebf414f90 Uncommon trap: reason=class_check action=maybe_recompile pc=0x000001ced1a169a4 method=java.util.concurrent.ConcurrentHashMap.putVal(Ljava/lang/Object;Ljava/lang/Object;Z)Ljava/lang/Object; @ 242 c2
Event: 8.649 Thread 0x000001cebf414f90 DEOPT PACKING pc=0x000001ced1a169a4 sp=0x00000026b10fcd10
Event: 8.649 Thread 0x000001cebf414f90 DEOPT UNPACKING pc=0x000001ced14a4402 sp=0x00000026b10fcc80 mode 2

Classes loaded (20 events):
Event: 7.553 Loading class java/util/AbstractMap$2
Event: 7.554 Loading class java/util/AbstractMap$2 done
Event: 7.554 Loading class java/util/AbstractMap$ValueIterator
Event: 7.554 Loading class java/util/AbstractMap$ValueIterator done
Event: 7.622 Loading class sun/util/resources/LocaleData$CommonResourceBundleProvider
Event: 7.623 Loading class sun/util/resources/LocaleData$LocaleDataResourceBundleProvider
Event: 7.623 Loading class java/util/spi/ResourceBundleProvider
Event: 7.624 Loading class java/util/spi/ResourceBundleProvider done
Event: 7.624 Loading class sun/util/resources/LocaleData$LocaleDataResourceBundleProvider done
Event: 7.624 Loading class sun/util/resources/LocaleData$CommonResourceBundleProvider done
Event: 7.624 Loading class sun/util/resources/Bundles$2
Event: 7.625 Loading class sun/util/resources/Bundles$2 done
Event: 7.663 Loading class java/util/stream/IntStream
Event: 7.663 Loading class java/util/stream/IntStream done
Event: 7.664 Loading class java/util/stream/IntPipeline$Head
Event: 7.664 Loading class java/util/stream/IntPipeline
Event: 7.665 Loading class java/util/stream/IntPipeline done
Event: 7.665 Loading class java/util/stream/IntPipeline$Head done
Event: 7.786 Loading class java/util/stream/Streams$RangeIntSpliterator
Event: 7.787 Loading class java/util/stream/Streams$RangeIntSpliterator done

Classes unloaded (0 events):
No events

Classes redefined (0 events):
No events

Internal exceptions (20 events):
Event: 3.559 Thread 0x000001cebf414f90 Exception <a 'java/lang/NoSuchMethodError'{0x00000000a7c76c88}: 'java.lang.Object java.lang.invoke.DirectMethodHandle$Holder.invokeSpecial(java.lang.Object, java.lang.Object, java.lang.Object, int, java.lang.Object)'> (0x00000000a7c76c88) 
thrown [s\open\src\hotspot\share\interpreter\linkResolver.cpp, line 796]
Event: 3.566 Thread 0x000001cebf414f90 Implicit null exception at 0x000001ced1a627bd to 0x000001ced1a62948
Event: 3.570 Thread 0x000001cebf414f90 Exception <a 'java/lang/NoSuchMethodError'{0x00000000a7c9fe98}: 'java.lang.Object java.lang.invoke.Invokers$Holder.invokeExact_MT(java.lang.Object, int, java.lang.Object)'> (0x00000000a7c9fe98) 
thrown [s\open\src\hotspot\share\interpreter\linkResolver.cpp, line 796]
Event: 4.063 Thread 0x000001cebf414f90 Exception <a 'java/lang/NoSuchMethodError'{0x00000000a724b2c8}: 'void java.lang.invoke.Invokers$Holder.invokeExact_MT(java.lang.Object, java.lang.Object, java.lang.Object, java.lang.Object)'> (0x00000000a724b2c8) 
thrown [s\open\src\hotspot\share\interpreter\linkResolver.cpp, line 796]
Event: 4.092 Thread 0x000001cebf414f90 Exception <a 'java/lang/NoClassDefFoundError'{0x00000000a72dcfb8}: com/google/inject/servlet/ServletModuleTargetVisitor> (0x00000000a72dcfb8) 
thrown [s\open\src\hotspot\share\classfile\systemDictionary.cpp, line 302]
Event: 7.243 Thread 0x000001cebf414f90 Exception <a 'java/lang/NoSuchMethodError'{0x00000000a6f82e80}: 'void java.lang.invoke.DirectMethodHandle$Holder.invokeVirtual(java.lang.Object, java.lang.Object)'> (0x00000000a6f82e80) 
thrown [s\open\src\hotspot\share\interpreter\linkResolver.cpp, line 796]
Event: 7.298 Thread 0x000001cebf414f90 Exception <a 'java/lang/NoSuchMethodError'{0x00000000a6e12550}: 'java.lang.Object java.lang.invoke.DirectMethodHandle$Holder.invokeStaticInit(java.lang.Object, int, int, int, int)'> (0x00000000a6e12550) 
thrown [s\open\src\hotspot\share\interpreter\linkResolver.cpp, line 796]
Event: 7.511 Thread 0x000001cebf414f90 Implicit null exception at 0x000001ced1a22494 to 0x000001ced1a22ae8
Event: 7.511 Thread 0x000001cebf414f90 Implicit null exception at 0x000001ced1a09e10 to 0x000001ced1a0a44c
Event: 7.565 Thread 0x000001cebf414f90 Exception <a 'java/lang/NoSuchMethodError'{0x00000000a699a380}: 'void java.lang.invoke.DirectMethodHandle$Holder.invokeSpecial(java.lang.Object, java.lang.Object, java.lang.Object, java.lang.Object, java.lang.Object)'> (0x00000000a699a380) 
thrown [s\open\src\hotspot\share\interpreter\linkResolver.cpp, line 796]
Event: 7.570 Thread 0x000001cebf414f90 Exception <a 'java/lang/NoSuchMethodError'{0x00000000a69b0dd0}: 'void java.lang.invoke.DirectMethodHandle$Holder.invokeSpecial(java.lang.Object, java.lang.Object, java.lang.Object, java.lang.Object, java.lang.Object, java.lang.Object)'> (0x00000000a69b0dd0) 
thrown [s\open\src\hotspot\share\interpreter\linkResolver.cpp, line 796]
Event: 7.594 Thread 0x000001cebf414f90 Exception <a 'java/lang/NoSuchMethodError'{0x00000000a68a3238}: 'java.lang.Object java.lang.invoke.DirectMethodHandle$Holder.invokeVirtual(java.lang.Object, java.lang.Object, java.lang.Object)'> (0x00000000a68a3238) 
thrown [s\open\src\hotspot\share\interpreter\linkResolver.cpp, line 796]
Event: 7.694 Thread 0x000001cebf414f90 Exception <a 'java/lang/NoSuchMethodError'{0x00000000a6699088}: 'void java.lang.invoke.DirectMethodHandle$Holder.invokeVirtual(java.lang.Object, java.lang.Object, int)'> (0x00000000a6699088) 
thrown [s\open\src\hotspot\share\interpreter\linkResolver.cpp, line 796]
Event: 7.698 Thread 0x000001cebf414f90 Exception <a 'java/lang/NoSuchMethodError'{0x00000000a669cea0}: 'void java.lang.invoke.DirectMethodHandle$Holder.invokeSpecial(java.lang.Object, java.lang.Object, java.lang.Object, int)'> (0x00000000a669cea0) 
thrown [s\open\src\hotspot\share\interpreter\linkResolver.cpp, line 796]
Event: 7.700 Thread 0x000001cebf414f90 Exception <a 'java/lang/NoSuchMethodError'{0x00000000a66a0588}: 'void java.lang.invoke.DelegatingMethodHandle$Holder.reinvoke_L(java.lang.Object, java.lang.Object, int)'> (0x00000000a66a0588) 
thrown [s\open\src\hotspot\share\interpreter\linkResolver.cpp, line 796]
Event: 8.436 Thread 0x000001cebf414f90 Implicit null exception at 0x000001ced1b07c75 to 0x000001ced1b07f64
Event: 8.436 Thread 0x000001cebf414f90 Implicit null exception at 0x000001ced1aec528 to 0x000001ced1aed87c
Event: 8.436 Thread 0x000001cebf414f90 Implicit null exception at 0x000001ced1a86ee8 to 0x000001ced1a870c4
Event: 8.436 Thread 0x000001cebf414f90 Implicit null exception at 0x000001ced1acdc7d to 0x000001ced1ace4e4
Event: 8.440 Thread 0x000001cebf414f90 Exception <a 'java/lang/NoSuchMethodError'{0x00000000a7ce7420}: 'int java.lang.invoke.DirectMethodHandle$Holder.invokeSpecialIFC(java.lang.Object, java.lang.Object, java.lang.Object, java.lang.Object)'> (0x00000000a7ce7420) 
thrown [s\open\src\hotspot\share\interpreter\linkResolver.cpp, line 796]

VM Operations (20 events):
Event: 3.651 Executing VM operation: HandshakeAllThreads (Deoptimize)
Event: 3.651 Executing VM operation: HandshakeAllThreads (Deoptimize) done
Event: 3.656 Executing VM operation: HandshakeAllThreads (Deoptimize)
Event: 3.656 Executing VM operation: HandshakeAllThreads (Deoptimize) done
Event: 3.758 Executing VM operation: HandshakeAllThreads (Deoptimize)
Event: 3.758 Executing VM operation: HandshakeAllThreads (Deoptimize) done
Event: 4.051 Executing VM operation: HandshakeAllThreads (Deoptimize)
Event: 4.051 Executing VM operation: HandshakeAllThreads (Deoptimize) done
Event: 7.258 Executing VM operation: HandshakeAllThreads (Deoptimize)
Event: 7.258 Executing VM operation: HandshakeAllThreads (Deoptimize) done
Event: 7.326 Executing VM operation: HandshakeAllThreads (Deoptimize)
Event: 7.326 Executing VM operation: HandshakeAllThreads (Deoptimize) done
Event: 7.374 Executing VM operation: HandshakeAllThreads (Deoptimize)
Event: 7.374 Executing VM operation: HandshakeAllThreads (Deoptimize) done
Event: 7.453 Executing VM operation: HandshakeAllThreads (Deoptimize)
Event: 7.453 Executing VM operation: HandshakeAllThreads (Deoptimize) done
Event: 7.455 Executing VM operation: HandshakeAllThreads (Deoptimize)
Event: 7.455 Executing VM operation: HandshakeAllThreads (Deoptimize) done
Event: 8.116 Executing VM operation: G1CollectForAllocation (G1 Evacuation Pause)
Event: 8.130 Executing VM operation: G1CollectForAllocation (G1 Evacuation Pause) done

Memory protections (0 events):
No events

Nmethod flushes (0 events):
No events

Events (16 events):
Event: 0.050 Thread 0x000001cebf414f90 Thread added: 0x000001cebf414f90
Event: 0.076 Thread 0x000001cebf414f90 Thread added: 0x000001cedd978480
Event: 0.076 Thread 0x000001cebf414f90 Thread added: 0x000001cedd97ba20
Event: 0.076 Thread 0x000001cebf414f90 Thread added: 0x000001cedd97fed0
Event: 0.077 Thread 0x000001cebf414f90 Thread added: 0x000001cedd980540
Event: 0.077 Thread 0x000001cebf414f90 Thread added: 0x000001cedd984bc0
Event: 0.077 Thread 0x000001cebf414f90 Thread added: 0x000001cedd985230
Event: 0.077 Thread 0x000001cebf414f90 Thread added: 0x000001cedd986370
Event: 0.078 Thread 0x000001cebf414f90 Thread added: 0x000001cedd98a270
Event: 0.105 Thread 0x000001cebf414f90 Thread added: 0x000001ceddad7720
Event: 0.112 Thread 0x000001cebf414f90 Thread added: 0x000001ceddae8df0
Event: 0.406 Thread 0x000001cebf414f90 Thread added: 0x000001ceddddf7e0
Event: 0.607 Thread 0x000001ceddddf7e0 Thread exited: 0x000001ceddddf7e0
Event: 1.842 Thread 0x000001cedd986370 Thread added: 0x000001cf232743a0
Event: 2.858 Thread 0x000001cf232743a0 Thread exited: 0x000001cf232743a0
Event: 3.755 Thread 0x000001cedd98a270 Thread added: 0x000001cf23eae3b0


Dynamic libraries:
0x00007ff6d6aa0000 - 0x00007ff6d6ab0000 	C:\Program Files\Java\jdk-23\bin\java.exe
0x00007ff8b9520000 - 0x00007ff8b9789000 	C:\WINDOWS\SYSTEM32\ntdll.dll
0x00007ff8b7690000 - 0x00007ff8b7759000 	C:\WINDOWS\System32\KERNEL32.DLL
0x00007ff8b6a90000 - 0x00007ff8b6e83000 	C:\WINDOWS\System32\KERNELBASE.dll
0x00007ff8b6e90000 - 0x00007ff8b6fdb000 	C:\WINDOWS\System32\ucrtbase.dll
0x00007ff8aa190000 - 0x00007ff8aa1a7000 	C:\Program Files\Java\jdk-23\bin\jli.dll
0x00007ff8b8830000 - 0x00007ff8b89f4000 	C:\WINDOWS\System32\USER32.dll
0x00007ff8a2830000 - 0x00007ff8a2ac3000 	C:\WINDOWS\WinSxS\amd64_microsoft.windows.common-controls_6595b64144ccf1df_6.0.26100.5074_none_3e0d6f78e32fd63f\COMCTL32.dll
0x00007ff8b72c0000 - 0x00007ff8b72e7000 	C:\WINDOWS\System32\win32u.dll
0x00007ff8b8560000 - 0x00007ff8b8609000 	C:\WINDOWS\System32\msvcrt.dll
0x00007ff8b8c90000 - 0x00007ff8b8cbb000 	C:\WINDOWS\System32\GDI32.dll
0x00007ff8b68b0000 - 0x00007ff8b69dd000 	C:\WINDOWS\System32\gdi32full.dll
0x00007ff8b69e0000 - 0x00007ff8b6a83000 	C:\WINDOWS\System32\msvcp_win.dll
0x00007ff8aa050000 - 0x00007ff8aa06b000 	C:\Program Files\Java\jdk-23\bin\VCRUNTIME140.dll
0x00007ff8b8a00000 - 0x00007ff8b8a2f000 	C:\WINDOWS\System32\IMM32.DLL
0x00007ff8b1030000 - 0x00007ff8b103c000 	C:\Program Files\Java\jdk-23\bin\vcruntime140_1.dll
0x00007ff895950000 - 0x00007ff8959de000 	C:\Program Files\Java\jdk-23\bin\msvcp140.dll
0x00007ff83d6d0000 - 0x00007ff83e41f000 	C:\Program Files\Java\jdk-23\bin\server\jvm.dll
0x00007ff8b7800000 - 0x00007ff8b78b4000 	C:\WINDOWS\System32\ADVAPI32.dll
0x00007ff8b7ca0000 - 0x00007ff8b7d46000 	C:\WINDOWS\System32\sechost.dll
0x00007ff8b78c0000 - 0x00007ff8b79d8000 	C:\WINDOWS\System32\RPCRT4.dll
0x00007ff8b87b0000 - 0x00007ff8b8824000 	C:\WINDOWS\System32\WS2_32.dll
0x00007ff8b6510000 - 0x00007ff8b656e000 	C:\WINDOWS\SYSTEM32\POWRPROF.dll
0x00007ff8aa470000 - 0x00007ff8aa4a5000 	C:\WINDOWS\SYSTEM32\WINMM.dll
0x00007ff8aa330000 - 0x00007ff8aa33b000 	C:\WINDOWS\SYSTEM32\VERSION.dll
0x00007ff8b64f0000 - 0x00007ff8b6504000 	C:\WINDOWS\SYSTEM32\UMPDC.dll
0x00007ff8b5450000 - 0x00007ff8b546b000 	C:\WINDOWS\SYSTEM32\kernel.appcore.dll
0x00007ff8aa930000 - 0x00007ff8aa93a000 	C:\Program Files\Java\jdk-23\bin\jimage.dll
0x00007ff8b4030000 - 0x00007ff8b4272000 	C:\WINDOWS\SYSTEM32\DBGHELP.DLL
0x00007ff8b81e0000 - 0x00007ff8b855b000 	C:\WINDOWS\System32\combase.dll
0x00007ff8b79e0000 - 0x00007ff8b7ab7000 	C:\WINDOWS\System32\OLEAUT32.dll
0x00007ff8a03c0000 - 0x00007ff8a03fd000 	C:\WINDOWS\SYSTEM32\dbgcore.DLL
0x00007ff8b6fe0000 - 0x00007ff8b7079000 	C:\WINDOWS\System32\bcryptPrimitives.dll
0x00007ff8aa030000 - 0x00007ff8aa04e000 	C:\Program Files\Java\jdk-23\bin\java.dll
0x00007ff8b8610000 - 0x00007ff8b87a8000 	C:\WINDOWS\System32\ole32.dll
0x00007ff8b8d40000 - 0x00007ff8b948d000 	C:\WINDOWS\System32\SHELL32.dll
0x00007ff8b6740000 - 0x00007ff8b68ac000 	C:\WINDOWS\System32\wintypes.dll
0x00007ff8b42d0000 - 0x00007ff8b4b29000 	C:\WINDOWS\SYSTEM32\windows.storage.dll
0x00007ff8b8b90000 - 0x00007ff8b8c80000 	C:\WINDOWS\System32\SHCORE.dll
0x00007ff8b7620000 - 0x00007ff8b7682000 	C:\WINDOWS\System32\shlwapi.dll
0x00007ff8b65d0000 - 0x00007ff8b65f9000 	C:\WINDOWS\SYSTEM32\profapi.dll
0x00007ff895370000 - 0x00007ff895447000 	C:\Program Files\Java\jdk-23\bin\jsvml.dll
0x00007ff8aa130000 - 0x00007ff8aa140000 	C:\Program Files\Java\jdk-23\bin\net.dll
0x00007ff8b59b0000 - 0x00007ff8b5a1b000 	C:\WINDOWS\system32\mswsock.dll
0x00007ff8a9af0000 - 0x00007ff8a9b06000 	C:\Program Files\Java\jdk-23\bin\nio.dll
0x00007ff8a94c0000 - 0x00007ff8a94d7000 	C:\Program Files\Java\jdk-23\bin\zip.dll
0x00007ff8a9970000 - 0x00007ff8a9994000 	C:\Program Files\NetBeans-23\netbeans\java\maven\lib\jansi-native\Windows\x86_64\jansi.dll
0x00007ff8a9cf0000 - 0x00007ff8a9d00000 	C:\Program Files\Java\jdk-23\bin\verify.dll

dbghelp: loaded successfully - version: 4.0.5 - missing functions: none
symbol engine: initialized successfully - sym options: 0x614 - pdb path: .;C:\Program Files\Java\jdk-23\bin;C:\WINDOWS\SYSTEM32;C:\WINDOWS\WinSxS\amd64_microsoft.windows.common-controls_6595b64144ccf1df_6.0.26100.5074_none_3e0d6f78e32fd63f;C:\Program Files\Java\jdk-23\bin\server;C:\Program Files\NetBeans-23\netbeans\java\maven\lib\jansi-native\Windows\x86_64

VM Arguments:
jvm_args: -Dclassworlds.conf=C:\Program Files\NetBeans-23\netbeans\java\maven\bin\m2.conf -Dmaven.home=C:\Program Files\NetBeans-23\netbeans\java\maven -Dlibrary.jansi.path=C:\Program Files\NetBeans-23\netbeans\java\maven\lib\jansi-native -Dmaven.multiModuleProjectDirectory=C:\neatbeans\fdavila-tiendat 
java_command: org.codehaus.plexus.classworlds.launcher.Launcher -Dexec.vmArgs= -Dexec.args=${exec.vmArgs} -classpath %classpath ${exec.mainClass} ${exec.appArgs} -Dexec.appArgs= -Dexec.mainClass=com.tiendat.TiendatApplication -Dexec.executable=C:\Program Files\Java\jdk-23\bin\java.exe -Dmaven.ext.class.path=C:\Program Files\NetBeans-23\netbeans\java\maven-nblib\netbeans-eventspy.jar --no-transfer-progress process-classes org.codehaus.mojo:exec-maven-plugin:3.1.0:exec
java_class_path (initial): C:\Program Files\NetBeans-23\netbeans\java\maven\boot\plexus-classworlds-2.8.0.jar
Launcher Type: SUN_STANDARD

[Global flags]
     intx CICompilerCount                          = 4                                         {product} {ergonomic}
     uint ConcGCThreads                            = 2                                         {product} {ergonomic}
     uint G1ConcRefinementThreads                  = 8                                         {product} {ergonomic}
   size_t G1HeapRegionSize                         = 1048576                                   {product} {ergonomic}
   size_t InitialHeapSize                          = 98566144                                  {product} {ergonomic}
   size_t MarkStackSize                            = 4194304                                   {product} {ergonomic}
   size_t MarkStackSizeMax                         = 536870912                                 {product} {ergonomic}
   size_t MaxHeapSize                              = 1564475392                                {product} {ergonomic}
   size_t MaxNewSize                               = 938475520                                 {product} {ergonomic}
   size_t MinHeapDeltaBytes                        = 1048576                                   {product} {ergonomic}
   size_t MinHeapSize                              = 8388608                                   {product} {ergonomic}
    uintx NonNMethodCodeHeapSize                   = 5832704                                {pd product} {ergonomic}
    uintx NonProfiledCodeHeapSize                  = 122945536                              {pd product} {ergonomic}
    uintx ProfiledCodeHeapSize                     = 122880000                              {pd product} {ergonomic}
    uintx ReservedCodeCacheSize                    = 251658240                              {pd product} {ergonomic}
     bool SegmentedCodeCache                       = true                                      {product} {ergonomic}
   size_t SoftMaxHeapSize                          = 1564475392                             {manageable} {ergonomic}
     bool UseCompressedOops                        = true                           {product lp64_product} {ergonomic}
     bool UseG1GC                                  = true                                      {product} {ergonomic}
     bool UseLargePagesIndividualAllocation        = false                                  {pd product} {ergonomic}

Logging:
Log output configuration:
 #0: stdout all=warning uptime,level,tags foldmultilines=false
 #1: stderr all=off uptime,level,tags foldmultilines=false

Environment Variables:
JAVA_HOME=C:\Program Files\Java\jdk-23
PATH=C:\app\50660\product\21c\dbhomeXE\bin;C:\Program Files\Common Files\Oracle\Java\javapath;C:\WINDOWS\system32;C:\WINDOWS;C:\WINDOWS\System32\Wbem;C:\WINDOWS\System32\WindowsPowerShell\v1.0\;C:\WINDOWS\System32\OpenSSH\;C:\Program Files\Git\cmd;C:\Program Files (x86)\Microsoft SQL Server\160\Tools\Binn\;C:\Program Files\Microsoft SQL Server\160\Tools\Binn\;C:\Program Files\Microsoft SQL Server\Client SDK\ODBC\170\Tools\Binn\;C:\Program Files\Microsoft SQL Server\160\DTS\Binn\;C:\Program Files (x86)\Microsoft SQL Server\160\DTS\Binn\;C:\Users\50660\AppData\Local\Microsoft\WindowsApps;C:\Users\50660\AppData\Local\Programs\Microsoft VS Code\bin;C:\Users\50660\AppData\Local\GitHubDesktop\bin;
USERNAME=50660
OS=Windows_NT
PROCESSOR_IDENTIFIER=AMD64 Family 23 Model 160 Stepping 0, AuthenticAMD
TMP=C:\Users\50660\AppData\Local\Temp
TEMP=C:\Users\50660\AppData\Local\Temp




Periodic native trim disabled

---------------  S Y S T E M  ---------------

OS:
 Windows 11 , 64 bit Build 26100 (10.0.26100.5074)
OS uptime: 6 days 1:10 hours
Hyper-V role detected

CPU: total 8 (initial active 8) (8 cores per cpu, 2 threads per core) family 23 model 160 stepping 0 microcode 0x8a00006, cx8, cmov, fxsr, ht, mmx, 3dnowpref, sse, sse2, sse3, ssse3, sse4a, sse4.1, sse4.2, popcnt, lzcnt, tsc, tscinvbit, avx, avx2, aes, clmul, bmi1, bmi2, adx, sha, fma, vzeroupper, clflush, clflushopt, hv, rdtscp, rdpid, f16c
Processor Information for the first 8 processors :
  Max Mhz: 2801, Current Mhz: 2801, Mhz Limit: 2801

Memory: 4k page, system-wide physical 5965M (517M free)
TotalPageFile size 24397M (AvailPageFile size 5M)
current process WorkingSet (physical memory assigned to process): 148M, peak: 148M
current process commit charge ("private bytes"): 223M, peak: 223M

vm_info: Java HotSpot(TM) 64-Bit Server VM (23+37-2369) for windows-amd64 JRE (23+37-2369), built on 2024-08-20T16:01:23Z with MS VC++ 17.6 (VS2022)

END.
