#
# There is insufficient memory for the Java Runtime Environment to continue.
# Native memory allocation (mmap) failed to map 98566144 bytes. Error detail: G1 virtual space
# Possible reasons:
#   The system is out of physical RAM or swap space
#   This process is running with CompressedOops enabled, and the Java Heap may be blocking the growth of the native heap
# Possible solutions:
#   Reduce memory load on the system
#   Increase physical memory or swap space
#   Check if swap backing store is full
#   Decrease Java heap size (-Xmx/-Xms)
#   Decrease number of Java threads
#   Decrease Java thread stack sizes (-Xss)
#   Set larger code cache with -XX:ReservedCodeCacheSize=
#   JVM is running with Unscaled Compressed Oops mode in which the Java heap is
#     placed in the first 4GB address space. The Java Heap base address is the
#     maximum limit for the native heap growth. Please use -XX:HeapBaseMinAddress
#     to set the Java Heap base and to place the Java Heap above 4GB virtual address.
# This output file may be truncated or incomplete.
#
#  Out of Memory Error (os_windows.cpp:3703), pid=24340, tid=8564
#
# JRE version:  (23.0+37) (build )
# Java VM: Java HotSpot(TM) 64-Bit Server VM (23+37-2369, mixed mode, sharing, tiered, compressed oops, compressed class ptrs, g1 gc, windows-amd64)
# No core dump will be written. Minidumps are not enabled by default on client versions of Windows
#

---------------  S U M M A R Y ------------

Command Line: C:\Users\50660\AppData\Local\Temp\surefire4905263936091361033\surefirebooter-20251002202932754_3.jar C:\Users\50660\AppData\Local\Temp\surefire4905263936091361033 2025-10-02T20-29-32_337-jvmRun1 surefire-20251002202932754_1tmp surefire_0-20251002202932754_2tmp

Host: AMD Ryzen 5 7520U with Radeon Graphics         , 8 cores, 5G,  Windows 11 , 64 bit Build 22621 (10.0.22621.5415)
Time: Thu Oct  2 20:29:33 2025 Hora estándar, América Central elapsed time: 0.021954 seconds (0d 0h 0m 0s)

---------------  T H R E A D  ---------------

Current thread (0x00000216dc3b07d0):  JavaThread "Unknown thread" [_thread_in_vm, id=8564, stack(0x000000ab1c800000,0x000000ab1c900000) (1024K)]

Stack: [0x000000ab1c800000,0x000000ab1c900000]
Native frames: (J=compiled Java code, j=interpreted, Vv=VM code, C=native code)
V  [jvm.dll+0x6e08a9]  (no source info available)
V  [jvm.dll+0x87da63]  (no source info available)
V  [jvm.dll+0x87feee]  (no source info available)
V  [jvm.dll+0x8805c3]  (no source info available)
V  [jvm.dll+0x27aee6]  (no source info available)
V  [jvm.dll+0x6dd1b5]  (no source info available)
V  [jvm.dll+0x6d103a]  (no source info available)
V  [jvm.dll+0x35b3ea]  (no source info available)
V  [jvm.dll+0x3637f6]  (no source info available)
V  [jvm.dll+0x34fd5e]  (no source info available)
V  [jvm.dll+0x34fff8]  (no source info available)
V  [jvm.dll+0x3289cc]  (no source info available)
V  [jvm.dll+0x32966e]  (no source info available)
V  [jvm.dll+0x8442e5]  (no source info available)
V  [jvm.dll+0x3b9848]  (no source info available)
V  [jvm.dll+0x82d0dc]  (no source info available)
V  [jvm.dll+0x454d4e]  (no source info available)
V  [jvm.dll+0x456bd1]  (no source info available)
C  [jli.dll+0x52a3]  (no source info available)
C  [ucrtbase.dll+0x29333]  (no source info available)
C  [KERNEL32.DLL+0x1259d]  (no source info available)
C  [ntdll.dll+0x5af78]  (no source info available)

Lock stack of current Java thread (top to bottom):


---------------  P R O C E S S  ---------------

Threads class SMR info:
_java_thread_list=0x00007ffc0d2d3618, length=0, elements={
}

Java Threads: ( => current thread )
Total: 0

Other Threads:
  0x00000216de6a2030 WorkerThread "GC Thread#0"                     [id=12348, stack(0x000000ab1c900000,0x000000ab1ca00000) (1024K)]
  0x00000216de6b19a0 ConcurrentGCThread "G1 Main Marker"            [id=28576, stack(0x000000ab1ca00000,0x000000ab1cb00000) (1024K)]
  0x00000216de6b2660 WorkerThread "G1 Conc#0"                       [id=18648, stack(0x000000ab1cb00000,0x000000ab1cc00000) (1024K)]

[error occurred during error reporting (printing all threads), id 0xc0000005, EXCEPTION_ACCESS_VIOLATION (0xc0000005) at pc=0x00007ffc0ca1bfba]
VM state: not at safepoint (not fully initialized)

VM Mutex/Monitor currently owned by a thread:  ([mutex/lock_event])
[0x00007ffc0d353a10] Heap_lock - owner thread: 0x00000216dc3b07d0

Heap address: 0x00000000a2c00000, size: 1492 MB, Compressed Oops mode: 32-bit

CDS archive(s) mapped at: [0x0000000000000000-0x0000000000000000-0x0000000000000000), size 0, SharedBaseAddress: 0x0000000800000000, ArchiveRelocationMode: 1.
Narrow klass base: 0x0000000000000000, Narrow klass shift: 0, Narrow klass range: 0x0

GC Precious Log:
 CardTable entry size: 512
 Card Set container configuration: InlinePtr #cards 5 size 8 Array Of Cards #cards 10 size 36 Howl #buckets 4 coarsen threshold 1843 Howl Bitmap #cards 512 size 80 coarsen threshold 460 Card regions per heap region 1 cards per card region 2048

Heap:
 garbage-first heap   total reserved 1527808K, committed 0K, used 0K [0x00000000a2c00000, 0x0000000100000000)
  region size 1024K, 0 young (0K), 0 survivors (0K)

[error occurred during error reporting (printing heap information), id 0xc0000005, EXCEPTION_ACCESS_VIOLATION (0xc0000005) at pc=0x00007ffc0ce1c3b9]
GC Heap History (0 events):
No events

Dll operation events (1 events):
Event: 0.014 Loaded shared library C:\Program Files\Java\jdk-23\bin\java.dll

Deoptimization events (0 events):
No events

Classes loaded (0 events):
No events

Classes unloaded (0 events):
No events

Classes redefined (0 events):
No events

Internal exceptions (0 events):
No events

VM Operations (0 events):
No events

Memory protections (0 events):
No events

Nmethod flushes (0 events):
No events

Events (0 events):
No events


Dynamic libraries:
0x00007ff705d50000 - 0x00007ff705d60000 	C:\Program Files\Java\jdk-23\bin\java.exe
0x00007ffd0c3d0000 - 0x00007ffd0c5e7000 	C:\Windows\SYSTEM32\ntdll.dll
0x00007ffd0b4a0000 - 0x00007ffd0b564000 	C:\Windows\System32\KERNEL32.DLL
0x00007ffd09820000 - 0x00007ffd09bf2000 	C:\Windows\System32\KERNELBASE.dll
0x00007ffd09e10000 - 0x00007ffd09f21000 	C:\Windows\System32\ucrtbase.dll
0x00007ffcd30a0000 - 0x00007ffcd30bb000 	C:\Program Files\Java\jdk-23\bin\VCRUNTIME140.dll
0x00007ffce1410000 - 0x00007ffce1427000 	C:\Program Files\Java\jdk-23\bin\jli.dll
0x00007ffd0ba00000 - 0x00007ffd0bbb1000 	C:\Windows\System32\USER32.dll
0x00007ffd096f0000 - 0x00007ffd09716000 	C:\Windows\System32\win32u.dll
0x00007ffcf34e0000 - 0x00007ffcf377b000 	C:\Windows\WinSxS\amd64_microsoft.windows.common-controls_6595b64144ccf1df_6.0.22621.5547_none_27104afb73855772\COMCTL32.dll
0x00007ffd0bbc0000 - 0x00007ffd0bbe9000 	C:\Windows\System32\GDI32.dll
0x00007ffd0c1d0000 - 0x00007ffd0c277000 	C:\Windows\System32\msvcrt.dll
0x00007ffd09f30000 - 0x00007ffd0a053000 	C:\Windows\System32\gdi32full.dll
0x00007ffd09c00000 - 0x00007ffd09c9a000 	C:\Windows\System32\msvcp_win.dll
0x00007ffd0b910000 - 0x00007ffd0b941000 	C:\Windows\System32\IMM32.DLL
0x00007ffce1570000 - 0x00007ffce157c000 	C:\Program Files\Java\jdk-23\bin\vcruntime140_1.dll
0x00007ffcacc30000 - 0x00007ffcaccbe000 	C:\Program Files\Java\jdk-23\bin\msvcp140.dll
0x00007ffc0c6e0000 - 0x00007ffc0d42f000 	C:\Program Files\Java\jdk-23\bin\server\jvm.dll
0x00007ffd0b830000 - 0x00007ffd0b8e1000 	C:\Windows\System32\ADVAPI32.dll
0x00007ffd0c120000 - 0x00007ffd0c1c8000 	C:\Windows\System32\sechost.dll
0x00007ffd09580000 - 0x00007ffd095a8000 	C:\Windows\System32\bcrypt.dll
0x00007ffd0a060000 - 0x00007ffd0a174000 	C:\Windows\System32\RPCRT4.dll
0x00007ffd0ac30000 - 0x00007ffd0aca1000 	C:\Windows\System32\WS2_32.dll
0x00007ffd091e0000 - 0x00007ffd0922d000 	C:\Windows\SYSTEM32\POWRPROF.dll
0x00007ffd04890000 - 0x00007ffd048c4000 	C:\Windows\SYSTEM32\WINMM.dll
0x00007ffd00c70000 - 0x00007ffd00c7a000 	C:\Windows\SYSTEM32\VERSION.dll
0x00007ffd091c0000 - 0x00007ffd091d3000 	C:\Windows\SYSTEM32\UMPDC.dll
0x00007ffd084b0000 - 0x00007ffd084c8000 	C:\Windows\SYSTEM32\kernel.appcore.dll
0x00007ffce0ec0000 - 0x00007ffce0eca000 	C:\Program Files\Java\jdk-23\bin\jimage.dll
0x00007ffd06f60000 - 0x00007ffd07193000 	C:\Windows\SYSTEM32\DBGHELP.DLL
0x00007ffd0bca0000 - 0x00007ffd0c033000 	C:\Windows\System32\combase.dll
0x00007ffd0ab50000 - 0x00007ffd0ac27000 	C:\Windows\System32\OLEAUT32.dll
0x00007ffd00db0000 - 0x00007ffd00de2000 	C:\Windows\SYSTEM32\dbgcore.DLL
0x00007ffd09720000 - 0x00007ffd0979b000 	C:\Windows\System32\bcryptPrimitives.dll
0x00007ffcce1c0000 - 0x00007ffcce1de000 	C:\Program Files\Java\jdk-23\bin\java.dll
0x00007ffd0b2a0000 - 0x00007ffd0b440000 	C:\Windows\System32\ole32.dll
0x00007ffd0a2a0000 - 0x00007ffd0ab42000 	C:\Windows\System32\SHELL32.dll
0x00007ffd095b0000 - 0x00007ffd096ef000 	C:\Windows\System32\wintypes.dll

dbghelp: loaded successfully - version: 4.0.5 - missing functions: none
symbol engine: initialized successfully - sym options: 0x614 - pdb path: .;C:\Program Files\Java\jdk-23\bin;C:\Windows\SYSTEM32;C:\Windows\WinSxS\amd64_microsoft.windows.common-controls_6595b64144ccf1df_6.0.22621.5547_none_27104afb73855772;C:\Program Files\Java\jdk-23\bin\server

VM Arguments:
java_command: C:\Users\50660\AppData\Local\Temp\surefire4905263936091361033\surefirebooter-20251002202932754_3.jar C:\Users\50660\AppData\Local\Temp\surefire4905263936091361033 2025-10-02T20-29-32_337-jvmRun1 surefire-20251002202932754_1tmp surefire_0-20251002202932754_2tmp
java_class_path (initial): C:\Users\50660\AppData\Local\Temp\surefire4905263936091361033\surefirebooter-20251002202932754_3.jar
Launcher Type: SUN_STANDARD

[Global flags]
     intx CICompilerCount                          = 4                                         {product} {ergonomic}
     uint ConcGCThreads                            = 2                                         {product} {ergonomic}
     uint G1ConcRefinementThreads                  = 8                                         {product} {ergonomic}
   size_t G1HeapRegionSize                         = 1048576                                   {product} {ergonomic}
   size_t InitialHeapSize                          = 98566144                                  {product} {ergonomic}
   size_t MarkStackSize                            = 4194304                                   {product} {ergonomic}
   size_t MarkStackSizeMax                         = 536870912                                 {product} {ergonomic}
   size_t MaxHeapSize                              = 1564475392                                {product} {ergonomic}
   size_t MinHeapDeltaBytes                        = 1048576                                   {product} {ergonomic}
   size_t MinHeapSize                              = 8388608                                   {product} {ergonomic}
    uintx NonNMethodCodeHeapSize                   = 5832704                                {pd product} {ergonomic}
    uintx NonProfiledCodeHeapSize                  = 122945536                              {pd product} {ergonomic}
    uintx ProfiledCodeHeapSize                     = 122880000                              {pd product} {ergonomic}
    uintx ReservedCodeCacheSize                    = 251658240                              {pd product} {ergonomic}
     bool SegmentedCodeCache                       = true                                      {product} {ergonomic}
   size_t SoftMaxHeapSize                          = 1564475392                             {manageable} {ergonomic}
     bool UseCompressedOops                        = true                           {product lp64_product} {ergonomic}
     bool UseG1GC                                  = true                                      {product} {ergonomic}
     bool UseLargePagesIndividualAllocation        = false                                  {pd product} {ergonomic}

Logging:
Log output configuration:
 #0: stdout all=warning uptime,level,tags foldmultilines=false
 #1: stderr all=off uptime,level,tags foldmultilines=false

Environment Variables:
JAVA_HOME=C:\Program Files\Java\jdk-23
PATH=C:\app\50660\product\21c\dbhomeXE\bin;C:\Program Files\Common Files\Oracle\Java\javapath;C:\Windows\system32;C:\Windows;C:\Windows\System32\Wbem;C:\Windows\System32\WindowsPowerShell\v1.0\;C:\Windows\System32\OpenSSH\;C:\Program Files\Git\cmd;C:\Program Files (x86)\Microsoft SQL Server\160\Tools\Binn\;C:\Program Files\Microsoft SQL Server\160\Tools\Binn\;C:\Program Files\Microsoft SQL Server\Client SDK\ODBC\170\Tools\Binn\;C:\Program Files\Microsoft SQL Server\160\DTS\Binn\;C:\Program Files (x86)\Microsoft SQL Server\160\DTS\Binn\;C:\Users\50660\AppData\Local\Microsoft\WindowsApps;C:\Users\50660\AppData\Local\Programs\Microsoft VS Code\bin;C:\Users\50660\AppData\Local\GitHubDesktop\bin
USERNAME=50660
OS=Windows_NT
PROCESSOR_IDENTIFIER=AMD64 Family 23 Model 160 Stepping 0, AuthenticAMD
TMP=C:\Users\50660\AppData\Local\Temp
TEMP=C:\Users\50660\AppData\Local\Temp




Periodic native trim disabled

---------------  S Y S T E M  ---------------

OS:
 Windows 11 , 64 bit Build 22621 (10.0.22621.5415)
OS uptime: 2 days 21:21 hours
Hyper-V role detected

CPU: total 8 (initial active 8) (8 cores per cpu, 2 threads per core) family 23 model 160 stepping 0 microcode 0x0, cx8, cmov, fxsr, ht, mmx, 3dnowpref, sse, sse2, sse3, ssse3, sse4a, sse4.1, sse4.2, popcnt, lzcnt, tsc, tscinvbit, avx, avx2, aes, clmul, bmi1, bmi2, adx, sha, fma, vzeroupper, clflush, clflushopt, hv, rdtscp, rdpid, f16c
Processor Information for the first 8 processors :
  Max Mhz: 2801, Current Mhz: 2801, Mhz Limit: 2801

Memory: 4k page, system-wide physical 5965M (339M free)
TotalPageFile size 24397M (AvailPageFile size 80M)
current process WorkingSet (physical memory assigned to process): 12M, peak: 12M
current process commit charge ("private bytes"): 60M, peak: 154M

vm_info: Java HotSpot(TM) 64-Bit Server VM (23+37-2369) for windows-amd64 JRE (23+37-2369), built on 2024-08-20T16:01:23Z with MS VC++ 17.6 (VS2022)

END.
